<?xml version="1.0" ?>
<!DOCTYPE coverage SYSTEM "http://cobertura.sourceforge.net/xml/coverage-04.dtd">
<coverage lines-valid="599" lines-covered="335" line-rate="0.5592" branches-valid="245" branches-covered="112" branch-rate="0.4571" timestamp="1767990414434" complexity="0" version="0.1">
  <sources>
    <source>C:\Users\hamro\Documents\work\pfe_fiii\baraqex</source>
  </sources>
  <packages>
    <package name="main" line-rate="0.5592" branch-rate="0.4571">
      <classes>
        <class name="api-router.ts" filename="src\server\api-router.ts" line-rate="0.3015" branch-rate="0.2">
          <methods>
            <method name="(anonymous_10)" hits="25" signature="()V">
              <lines>
                <line number="28" hits="25"/>
              </lines>
            </method>
            <method name="(anonymous_11)" hits="4" signature="()V">
              <lines>
                <line number="34" hits="4"/>
              </lines>
            </method>
            <method name="(anonymous_12)" hits="4" signature="()V">
              <lines>
                <line number="38" hits="4"/>
              </lines>
            </method>
            <method name="(anonymous_13)" hits="7" signature="()V">
              <lines>
                <line number="52" hits="7"/>
              </lines>
            </method>
            <method name="(anonymous_14)" hits="4" signature="()V">
              <lines>
                <line number="56" hits="4"/>
              </lines>
            </method>
            <method name="(anonymous_15)" hits="0" signature="()V">
              <lines>
                <line number="65" hits="0"/>
              </lines>
            </method>
            <method name="(anonymous_16)" hits="0" signature="()V">
              <lines>
                <line number="82" hits="0"/>
              </lines>
            </method>
            <method name="(anonymous_17)" hits="0" signature="()V">
              <lines>
                <line number="88" hits="0"/>
              </lines>
            </method>
            <method name="(anonymous_18)" hits="0" signature="()V">
              <lines>
                <line number="105" hits="0"/>
              </lines>
            </method>
            <method name="(anonymous_19)" hits="0" signature="()V">
              <lines>
                <line number="117" hits="0"/>
              </lines>
            </method>
            <method name="(anonymous_20)" hits="0" signature="()V">
              <lines>
                <line number="147" hits="0"/>
              </lines>
            </method>
            <method name="(anonymous_21)" hits="0" signature="()V">
              <lines>
                <line number="152" hits="0"/>
              </lines>
            </method>
            <method name="(anonymous_22)" hits="0" signature="()V">
              <lines>
                <line number="155" hits="0"/>
              </lines>
            </method>
            <method name="(anonymous_23)" hits="0" signature="()V">
              <lines>
                <line number="156" hits="0"/>
              </lines>
            </method>
          </methods>
          <lines>
            <line number="1" hits="2" branch="false"/>
            <line number="2" hits="2" branch="false"/>
            <line number="4" hits="2" branch="false"/>
            <line number="22" hits="2" branch="false"/>
            <line number="23" hits="25" branch="false"/>
            <line number="26" hits="25" branch="false"/>
            <line number="29" hits="25" branch="false"/>
            <line number="30" hits="25" branch="false"/>
            <line number="35" hits="4" branch="true" condition-coverage="33.33333333333333% (1/3)"/>
            <line number="37" hits="4" branch="false"/>
            <line number="38" hits="8" branch="false"/>
            <line number="39" hits="4" branch="false"/>
            <line number="40" hits="4" branch="false"/>
            <line number="41" hits="4" branch="false"/>
            <line number="42" hits="4" branch="false"/>
            <line number="44" hits="0" branch="false"/>
            <line number="45" hits="0" branch="true" condition-coverage="0% (0/1)"/>
            <line number="46" hits="0" branch="false"/>
            <line number="48" hits="0" branch="false"/>
            <line number="53" hits="7" branch="true" condition-coverage="100% (2/2)"/>
            <line number="57" hits="4" branch="true" condition-coverage="100% (1/1)"/>
            <line number="58" hits="4" branch="false"/>
            <line number="59" hits="4" branch="false"/>
            <line number="62" hits="0" branch="false"/>
            <line number="66" hits="0" branch="false"/>
            <line number="68" hits="0" branch="false"/>
            <line number="69" hits="0" branch="false"/>
            <line number="71" hits="0" branch="true" condition-coverage="0% (0/2)"/>
            <line number="73" hits="0" branch="false"/>
            <line number="74" hits="0" branch="true" condition-coverage="0% (0/1)"/>
            <line number="76" hits="0" branch="false"/>
            <line number="77" hits="0" branch="false"/>
            <line number="83" hits="0" branch="true" condition-coverage="0% (0/3)"/>
            <line number="90" hits="0" branch="false"/>
            <line number="92" hits="0" branch="true" condition-coverage="0% (0/1)"/>
            <line number="93" hits="0" branch="true" condition-coverage="0% (0/2)"/>
            <line number="97" hits="0" branch="false"/>
            <line number="98" hits="0" branch="true" condition-coverage="0% (0/1)"/>
            <line number="99" hits="0" branch="false"/>
            <line number="102" hits="0" branch="false"/>
            <line number="106" hits="0" branch="false"/>
            <line number="108" hits="0" branch="true" condition-coverage="0% (0/2)"/>
            <line number="111" hits="0" branch="false"/>
            <line number="114" hits="0" branch="false"/>
            <line number="117" hits="0" branch="false"/>
            <line number="119" hits="0" branch="true" condition-coverage="0% (0/1)"/>
            <line number="120" hits="0" branch="false"/>
            <line number="121" hits="0" branch="false"/>
            <line number="124" hits="0" branch="false"/>
            <line number="127" hits="0" branch="true" condition-coverage="0% (0/2)"/>
            <line number="130" hits="0" branch="false"/>
            <line number="131" hits="0" branch="false"/>
            <line number="132" hits="0" branch="true" condition-coverage="0% (0/1)"/>
            <line number="133" hits="0" branch="false"/>
            <line number="134" hits="0" branch="false"/>
            <line number="143" hits="0" branch="false"/>
            <line number="148" hits="0" branch="true" condition-coverage="0% (0/1)"/>
            <line number="151" hits="0" branch="false"/>
            <line number="152" hits="0" branch="false"/>
            <line number="156" hits="0" branch="false"/>
            <line number="157" hits="0" branch="false"/>
            <line number="158" hits="0" branch="false"/>
            <line number="160" hits="0" branch="false"/>
          </lines>
        </class>
        <class name="auth.ts" filename="src\server\auth.ts" line-rate="0.8039000000000001" branch-rate="0.7058">
          <methods>
            <method name="(anonymous_9)" hits="16" signature="()V">
              <lines>
                <line number="20" hits="16"/>
              </lines>
            </method>
            <method name="(anonymous_10)" hits="2" signature="()V">
              <lines>
                <line number="27" hits="2"/>
              </lines>
            </method>
            <method name="(anonymous_11)" hits="2" signature="()V">
              <lines>
                <line number="29" hits="2"/>
              </lines>
            </method>
            <method name="(anonymous_12)" hits="2" signature="()V">
              <lines>
                <line number="39" hits="2"/>
              </lines>
            </method>
            <method name="(anonymous_13)" hits="2" signature="()V">
              <lines>
                <line number="41" hits="2"/>
              </lines>
            </method>
            <method name="(anonymous_14)" hits="4" signature="()V">
              <lines>
                <line number="51" hits="4"/>
              </lines>
            </method>
            <method name="(anonymous_15)" hits="4" signature="()V">
              <lines>
                <line number="73" hits="4"/>
              </lines>
            </method>
            <method name="(anonymous_16)" hits="3" signature="()V">
              <lines>
                <line number="86" hits="3"/>
              </lines>
            </method>
            <method name="(anonymous_17)" hits="3" signature="()V">
              <lines>
                <line number="87" hits="3"/>
              </lines>
            </method>
            <method name="(anonymous_18)" hits="2" signature="()V">
              <lines>
                <line number="100" hits="2"/>
              </lines>
            </method>
            <method name="(anonymous_19)" hits="2" signature="()V">
              <lines>
                <line number="101" hits="2"/>
              </lines>
            </method>
            <method name="(anonymous_20)" hits="4" signature="()V">
              <lines>
                <line number="110" hits="4"/>
              </lines>
            </method>
            <method name="(anonymous_21)" hits="4" signature="()V">
              <lines>
                <line number="111" hits="4"/>
              </lines>
            </method>
            <method name="(anonymous_22)" hits="3" signature="()V">
              <lines>
                <line number="117" hits="3"/>
              </lines>
            </method>
            <method name="(anonymous_23)" hits="3" signature="()V">
              <lines>
                <line number="127" hits="3"/>
              </lines>
            </method>
          </methods>
          <lines>
            <line number="17" hits="2" branch="false"/>
            <line number="21" hits="16" branch="false"/>
            <line number="28" hits="2" branch="false"/>
            <line number="29" hits="4" branch="false"/>
            <line number="30" hits="2" branch="false"/>
            <line number="32" hits="0" branch="true" condition-coverage="0% (0/1)"/>
            <line number="33" hits="0" branch="false"/>
            <line number="35" hits="0" branch="false"/>
            <line number="40" hits="2" branch="false"/>
            <line number="41" hits="4" branch="false"/>
            <line number="42" hits="2" branch="false"/>
            <line number="44" hits="0" branch="true" condition-coverage="0% (0/1)"/>
            <line number="45" hits="0" branch="false"/>
            <line number="47" hits="0" branch="false"/>
            <line number="52" hits="4" branch="false"/>
            <line number="53" hits="4" branch="false"/>
            <line number="54" hits="4" branch="false"/>
            <line number="56" hits="4" branch="true" condition-coverage="100% (1/1)"/>
            <line number="57" hits="4" branch="false"/>
            <line number="60" hits="4" branch="false"/>
            <line number="66" hits="0" branch="true" condition-coverage="0% (0/1)"/>
            <line number="67" hits="0" branch="false"/>
            <line number="69" hits="0" branch="false"/>
            <line number="74" hits="4" branch="false"/>
            <line number="75" hits="4" branch="false"/>
            <line number="76" hits="4" branch="false"/>
            <line number="78" hits="2" branch="true" condition-coverage="0% (0/1)"/>
            <line number="79" hits="0" branch="false"/>
            <line number="81" hits="2" branch="false"/>
            <line number="87" hits="3" branch="false"/>
            <line number="88" hits="3" branch="false"/>
            <line number="89" hits="3" branch="true" condition-coverage="100% (1/1)"/>
            <line number="90" hits="2" branch="false"/>
            <line number="91" hits="2" branch="true" condition-coverage="100% (1/1)"/>
            <line number="92" hits="1" branch="false"/>
            <line number="95" hits="3" branch="false"/>
            <line number="101" hits="2" branch="false"/>
            <line number="102" hits="2" branch="true" condition-coverage="100% (1/1)"/>
            <line number="103" hits="1" branch="false"/>
            <line number="105" hits="1" branch="false"/>
            <line number="111" hits="4" branch="false"/>
            <line number="112" hits="4" branch="true" condition-coverage="100% (1/1)"/>
            <line number="113" hits="1" branch="false"/>
            <line number="116" hits="3" branch="true" condition-coverage="100% (2/2)"/>
            <line number="117" hits="3" branch="false"/>
            <line number="119" hits="3" branch="true" condition-coverage="100% (1/1)"/>
            <line number="120" hits="2" branch="false"/>
            <line number="123" hits="1" branch="false"/>
            <line number="128" hits="3" branch="true" condition-coverage="100% (3/3)"/>
            <line number="129" hits="2" branch="false"/>
            <line number="131" hits="1" branch="false"/>
          </lines>
        </class>
        <class name="database.ts" filename="src\server\database.ts" line-rate="0.2923" branch-rate="0.35">
          <methods>
            <method name="(anonymous_9)" hits="14" signature="()V">
              <lines>
                <line number="13" hits="14"/>
              </lines>
            </method>
            <method name="(anonymous_10)" hits="1" signature="()V">
              <lines>
                <line number="17" hits="1"/>
              </lines>
            </method>
            <method name="(anonymous_11)" hits="0" signature="()V">
              <lines>
                <line number="33" hits="0"/>
              </lines>
            </method>
            <method name="(anonymous_12)" hits="0" signature="()V">
              <lines>
                <line number="35" hits="0"/>
              </lines>
            </method>
            <method name="(anonymous_13)" hits="0" signature="()V">
              <lines>
                <line number="49" hits="0"/>
              </lines>
            </method>
            <method name="(anonymous_14)" hits="0" signature="()V">
              <lines>
                <line number="51" hits="0"/>
              </lines>
            </method>
            <method name="(anonymous_15)" hits="0" signature="()V">
              <lines>
                <line number="65" hits="0"/>
              </lines>
            </method>
            <method name="(anonymous_16)" hits="0" signature="()V">
              <lines>
                <line number="67" hits="0"/>
              </lines>
            </method>
            <method name="(anonymous_17)" hits="3" signature="()V">
              <lines>
                <line number="82" hits="3"/>
              </lines>
            </method>
            <method name="(anonymous_18)" hits="1" signature="()V">
              <lines>
                <line number="101" hits="1"/>
              </lines>
            </method>
            <method name="(anonymous_19)" hits="1" signature="()V">
              <lines>
                <line number="105" hits="1"/>
              </lines>
            </method>
            <method name="(anonymous_20)" hits="1" signature="()V">
              <lines>
                <line number="109" hits="1"/>
              </lines>
            </method>
            <method name="(anonymous_21)" hits="4" signature="()V">
              <lines>
                <line number="114" hits="4"/>
              </lines>
            </method>
          </methods>
          <lines>
            <line number="6" hits="2" branch="false"/>
            <line number="8" hits="14" branch="false"/>
            <line number="9" hits="14" branch="false"/>
            <line number="10" hits="14" branch="false"/>
            <line number="11" hits="14" branch="false"/>
            <line number="14" hits="14" branch="false"/>
            <line number="18" hits="1" branch="true" condition-coverage="25% (1/4)"/>
            <line number="20" hits="0" branch="false"/>
            <line number="21" hits="0" branch="false"/>
            <line number="23" hits="0" branch="false"/>
            <line number="24" hits="0" branch="false"/>
            <line number="26" hits="0" branch="false"/>
            <line number="27" hits="0" branch="false"/>
            <line number="29" hits="1" branch="false"/>
            <line number="34" hits="0" branch="false"/>
            <line number="35" hits="0" branch="false"/>
            <line number="36" hits="0" branch="false"/>
            <line number="37" hits="0" branch="false"/>
            <line number="38" hits="0" branch="false"/>
            <line number="39" hits="0" branch="false"/>
            <line number="41" hits="0" branch="true" condition-coverage="0% (0/1)"/>
            <line number="42" hits="0" branch="false"/>
            <line number="44" hits="0" branch="false"/>
            <line number="45" hits="0" branch="false"/>
            <line number="50" hits="0" branch="false"/>
            <line number="51" hits="0" branch="false"/>
            <line number="52" hits="0" branch="false"/>
            <line number="54" hits="0" branch="false"/>
            <line number="55" hits="0" branch="false"/>
            <line number="57" hits="0" branch="true" condition-coverage="0% (0/1)"/>
            <line number="58" hits="0" branch="false"/>
            <line number="60" hits="0" branch="false"/>
            <line number="61" hits="0" branch="false"/>
            <line number="66" hits="0" branch="false"/>
            <line number="67" hits="0" branch="false"/>
            <line number="68" hits="0" branch="false"/>
            <line number="70" hits="0" branch="false"/>
            <line number="71" hits="0" branch="false"/>
            <line number="72" hits="0" branch="false"/>
            <line number="74" hits="0" branch="true" condition-coverage="0% (0/1)"/>
            <line number="75" hits="0" branch="false"/>
            <line number="77" hits="0" branch="false"/>
            <line number="78" hits="0" branch="false"/>
            <line number="83" hits="3" branch="true" condition-coverage="0% (0/1)"/>
            <line number="84" hits="0" branch="false"/>
            <line number="85" hits="0" branch="false"/>
            <line number="86" hits="0" branch="false"/>
            <line number="89" hits="3" branch="true" condition-coverage="0% (0/1)"/>
            <line number="90" hits="0" branch="false"/>
            <line number="91" hits="0" branch="false"/>
            <line number="94" hits="3" branch="true" condition-coverage="0% (0/1)"/>
            <line number="95" hits="0" branch="false"/>
            <line number="96" hits="0" branch="false"/>
            <line number="102" hits="1" branch="false"/>
            <line number="106" hits="1" branch="false"/>
            <line number="110" hits="1" branch="false"/>
            <line number="115" hits="4" branch="true" condition-coverage="100% (4/4)"/>
            <line number="117" hits="1" branch="false"/>
            <line number="119" hits="1" branch="true" condition-coverage="100% (1/1)"/>
            <line number="120" hits="0" branch="true" condition-coverage="0% (0/2)"/>
            <line number="121" hits="0" branch="false"/>
            <line number="123" hits="1" branch="true" condition-coverage="100% (1/1)"/>
            <line number="124" hits="0" branch="true" condition-coverage="0% (0/2)"/>
            <line number="125" hits="0" branch="false"/>
            <line number="127" hits="1" branch="false"/>
          </lines>
        </class>
        <class name="index.ts" filename="src\server\index.ts" line-rate="0.44179999999999997" branch-rate="0.1481">
          <methods>
            <method name="(anonymous_11)" hits="0" signature="()V">
              <lines>
                <line number="578" hits="0"/>
              </lines>
            </method>
            <method name="getComponentName" hits="0" signature="()V">
              <lines>
                <line number="17" hits="0"/>
              </lines>
            </method>
            <method name="(anonymous_13)" hits="25" signature="()V">
              <lines>
                <line number="57" hits="25"/>
              </lines>
            </method>
            <method name="(anonymous_14)" hits="7" signature="()V">
              <lines>
                <line number="70" hits="7"/>
              </lines>
            </method>
            <method name="(anonymous_15)" hits="6" signature="()V">
              <lines>
                <line number="75" hits="6"/>
              </lines>
            </method>
            <method name="(anonymous_16)" hits="6" signature="()V">
              <lines>
                <line number="85" hits="6"/>
              </lines>
            </method>
            <method name="(anonymous_17)" hits="6" signature="()V">
              <lines>
                <line number="132" hits="6"/>
              </lines>
            </method>
            <method name="(anonymous_18)" hits="0" signature="()V">
              <lines>
                <line number="148" hits="0"/>
              </lines>
            </method>
            <method name="(anonymous_19)" hits="0" signature="()V">
              <lines>
                <line number="154" hits="0"/>
              </lines>
            </method>
            <method name="(anonymous_20)" hits="0" signature="()V">
              <lines>
                <line number="166" hits="0"/>
              </lines>
            </method>
            <method name="(anonymous_21)" hits="0" signature="()V">
              <lines>
                <line number="185" hits="0"/>
              </lines>
            </method>
            <method name="(anonymous_22)" hits="0" signature="()V">
              <lines>
                <line number="200" hits="0"/>
              </lines>
            </method>
            <method name="(anonymous_23)" hits="0" signature="()V">
              <lines>
                <line number="204" hits="0"/>
              </lines>
            </method>
            <method name="(anonymous_24)" hits="6" signature="()V">
              <lines>
                <line number="213" hits="6"/>
              </lines>
            </method>
            <method name="(anonymous_25)" hits="0" signature="()V">
              <lines>
                <line number="220" hits="0"/>
              </lines>
            </method>
            <method name="(anonymous_26)" hits="0" signature="()V">
              <lines>
                <line number="232" hits="0"/>
              </lines>
            </method>
            <method name="(anonymous_27)" hits="0" signature="()V">
              <lines>
                <line number="289" hits="0"/>
              </lines>
            </method>
            <method name="(anonymous_28)" hits="12" signature="()V">
              <lines>
                <line number="370" hits="12"/>
              </lines>
            </method>
            <method name="(anonymous_29)" hits="0" signature="()V">
              <lines>
                <line number="374" hits="0"/>
              </lines>
            </method>
            <method name="(anonymous_30)" hits="0" signature="()V">
              <lines>
                <line number="378" hits="0"/>
              </lines>
            </method>
            <method name="(anonymous_31)" hits="7" signature="()V">
              <lines>
                <line number="382" hits="7"/>
              </lines>
            </method>
            <method name="(anonymous_32)" hits="7" signature="()V">
              <lines>
                <line number="386" hits="7"/>
              </lines>
            </method>
            <method name="(anonymous_33)" hits="7" signature="()V">
              <lines>
                <line number="387" hits="7"/>
              </lines>
            </method>
            <method name="(anonymous_34)" hits="16" signature="()V">
              <lines>
                <line number="394" hits="16"/>
              </lines>
            </method>
            <method name="(anonymous_35)" hits="16" signature="()V">
              <lines>
                <line number="395" hits="16"/>
              </lines>
            </method>
            <method name="(anonymous_36)" hits="7" signature="()V">
              <lines>
                <line number="400" hits="7"/>
              </lines>
            </method>
            <method name="(anonymous_37)" hits="1" signature="()V">
              <lines>
                <line number="408" hits="1"/>
              </lines>
            </method>
            <method name="(anonymous_38)" hits="1" signature="()V">
              <lines>
                <line number="409" hits="1"/>
              </lines>
            </method>
            <method name="(anonymous_39)" hits="0" signature="()V">
              <lines>
                <line number="412" hits="0"/>
              </lines>
            </method>
            <method name="(anonymous_40)" hits="0" signature="()V">
              <lines>
                <line number="450" hits="0"/>
              </lines>
            </method>
            <method name="(anonymous_41)" hits="1" signature="()V">
              <lines>
                <line number="454" hits="1"/>
              </lines>
            </method>
            <method name="(anonymous_42)" hits="0" signature="()V">
              <lines>
                <line number="456" hits="0"/>
              </lines>
            </method>
            <method name="createServer" hits="12" signature="()V">
              <lines>
                <line number="482" hits="12"/>
              </lines>
            </method>
            <method name="createDevServer" hits="1" signature="()V">
              <lines>
                <line number="489" hits="1"/>
              </lines>
            </method>
            <method name="createProductionServer" hits="1" signature="()V">
              <lines>
                <line number="505" hits="1"/>
              </lines>
            </method>
            <method name="getRequestIp" hits="1" signature="()V">
              <lines>
                <line number="519" hits="1"/>
              </lines>
            </method>
            <method name="parseCookies" hits="1" signature="()V">
              <lines>
                <line number="526" hits="1"/>
              </lines>
            </method>
            <method name="(anonymous_48)" hits="2" signature="()V">
              <lines>
                <line number="531" hits="2"/>
              </lines>
            </method>
            <method name="(anonymous_49)" hits="4" signature="()V">
              <lines>
                <line number="532" hits="4"/>
              </lines>
            </method>
            <method name="(anonymous_50)" hits="0" signature="()V">
              <lines>
                <line number="541" hits="0"/>
              </lines>
            </method>
            <method name="(anonymous_51)" hits="0" signature="()V">
              <lines>
                <line number="560" hits="0"/>
              </lines>
            </method>
            <method name="(anonymous_52)" hits="0" signature="()V">
              <lines>
                <line number="560" hits="0"/>
              </lines>
            </method>
            <method name="(anonymous_53)" hits="0" signature="()V">
              <lines>
                <line number="567" hits="0"/>
              </lines>
            </method>
            <method name="(anonymous_54)" hits="0" signature="()V">
              <lines>
                <line number="568" hits="0"/>
              </lines>
            </method>
            <method name="(anonymous_55)" hits="0" signature="()V">
              <lines>
                <line number="569" hits="0"/>
              </lines>
            </method>
            <method name="(anonymous_56)" hits="0" signature="()V">
              <lines>
                <line number="571" hits="0"/>
              </lines>
            </method>
            <method name="(anonymous_57)" hits="0" signature="()V">
              <lines>
                <line number="572" hits="0"/>
              </lines>
            </method>
            <method name="(anonymous_58)" hits="0" signature="()V">
              <lines>
                <line number="573" hits="0"/>
              </lines>
            </method>
            <method name="(anonymous_59)" hits="0" signature="()V">
              <lines>
                <line number="574" hits="0"/>
              </lines>
            </method>
          </methods>
          <lines>
            <line number="1" hits="2" branch="false"/>
            <line number="3" hits="2" branch="false"/>
            <line number="4" hits="2" branch="false"/>
            <line number="5" hits="2" branch="false"/>
            <line number="6" hits="2" branch="false"/>
            <line number="7" hits="2" branch="false"/>
            <line number="8" hits="2" branch="false"/>
            <line number="11" hits="2" branch="false"/>
            <line number="12" hits="2" branch="false"/>
            <line number="13" hits="2" branch="false"/>
            <line number="14" hits="2" branch="false"/>
            <line number="18" hits="0" branch="false"/>
            <line number="20" hits="0" branch="false"/>
            <line number="22" hits="0" branch="false"/>
            <line number="24" hits="0" branch="false"/>
            <line number="26" hits="0" branch="false"/>
            <line number="28" hits="0" branch="false"/>
            <line number="49" hits="2" branch="false"/>
            <line number="51" hits="25" branch="false"/>
            <line number="53" hits="25" branch="false"/>
            <line number="54" hits="25" branch="false"/>
            <line number="55" hits="25" branch="false"/>
            <line number="58" hits="25" branch="false"/>
            <line number="71" hits="7" branch="true" condition-coverage="100% (1/1)"/>
            <line number="73" hits="6" branch="false"/>
            <line number="75" hits="12" branch="false"/>
            <line number="76" hits="6" branch="false"/>
            <line number="79" hits="6" branch="false"/>
            <line number="80" hits="6" branch="false"/>
            <line number="83" hits="6" branch="true" condition-coverage="100% (1/1)"/>
            <line number="84" hits="6" branch="false"/>
            <line number="85" hits="12" branch="false"/>
            <line number="86" hits="6" branch="false"/>
            <line number="88" hits="0" branch="false"/>
            <line number="93" hits="6" branch="true" condition-coverage="0% (0/1)"/>
            <line number="94" hits="0" branch="false"/>
            <line number="98" hits="6" branch="true" condition-coverage="0% (0/1)"/>
            <line number="99" hits="0" branch="false"/>
            <line number="103" hits="0" branch="false"/>
            <line number="107" hits="6" branch="false"/>
            <line number="108" hits="6" branch="true" condition-coverage="100% (1/1)"/>
            <line number="109" hits="6" branch="false"/>
            <line number="113" hits="6" branch="false"/>
            <line number="116" hits="6" branch="false"/>
            <line number="119" hits="6" branch="false"/>
            <line number="120" hits="6" branch="false"/>
            <line number="122" hits="6" branch="false"/>
            <line number="125" hits="0" branch="true" condition-coverage="0% (0/3)"/>
            <line number="126" hits="0" branch="false"/>
            <line number="128" hits="0" branch="false"/>
            <line number="133" hits="6" branch="false"/>
            <line number="136" hits="6" branch="false"/>
            <line number="139" hits="6" branch="true" condition-coverage="66.66666666666666% (2/3)"/>
            <line number="140" hits="0" branch="false"/>
            <line number="141" hits="0" branch="false"/>
            <line number="144" hits="6" branch="false"/>
            <line number="145" hits="6" branch="false"/>
            <line number="148" hits="6" branch="false"/>
            <line number="149" hits="0" branch="false"/>
            <line number="150" hits="0" branch="false"/>
            <line number="156" hits="0" branch="false"/>
            <line number="157" hits="0" branch="false"/>
            <line number="159" hits="0" branch="true" condition-coverage="0% (0/1)"/>
            <line number="160" hits="0" branch="false"/>
            <line number="163" hits="0" branch="false"/>
            <line number="167" hits="0" branch="false"/>
            <line number="169" hits="0" branch="false"/>
            <line number="170" hits="0" branch="false"/>
            <line number="172" hits="0" branch="true" condition-coverage="0% (0/2)"/>
            <line number="173" hits="0" branch="false"/>
            <line number="174" hits="0" branch="true" condition-coverage="0% (0/3)"/>
            <line number="175" hits="0" branch="false"/>
            <line number="176" hits="0" branch="false"/>
            <line number="186" hits="0" branch="false"/>
            <line number="188" hits="0" branch="true" condition-coverage="0% (0/1)"/>
            <line number="189" hits="0" branch="true" condition-coverage="0% (0/2)"/>
            <line number="192" hits="0" branch="false"/>
            <line number="193" hits="0" branch="true" condition-coverage="0% (0/1)"/>
            <line number="194" hits="0" branch="false"/>
            <line number="197" hits="0" branch="false"/>
            <line number="201" hits="0" branch="false"/>
            <line number="202" hits="0" branch="false"/>
            <line number="203" hits="0" branch="false"/>
            <line number="204" hits="0" branch="false"/>
            <line number="205" hits="0" branch="true" condition-coverage="0% (0/2)"/>
            <line number="209" hits="0" branch="false"/>
            <line number="214" hits="6" branch="false"/>
            <line number="215" hits="6" branch="true" condition-coverage="0% (0/1)"/>
            <line number="216" hits="0" branch="false"/>
            <line number="220" hits="6" branch="false"/>
            <line number="221" hits="0" branch="false"/>
            <line number="222" hits="0" branch="false"/>
            <line number="223" hits="0" branch="true" condition-coverage="0% (0/2)"/>
            <line number="225" hits="0" branch="false"/>
            <line number="226" hits="0" branch="false"/>
            <line number="227" hits="0" branch="false"/>
            <line number="233" hits="0" branch="false"/>
            <line number="235" hits="0" branch="true" condition-coverage="0% (0/2)"/>
            <line number="236" hits="0" branch="true" condition-coverage="0% (0/3)"/>
            <line number="237" hits="0" branch="false"/>
            <line number="244" hits="0" branch="false"/>
            <line number="245" hits="0" branch="true" condition-coverage="0% (0/1)"/>
            <line number="246" hits="0" branch="false"/>
            <line number="250" hits="0" branch="true" condition-coverage="0% (0/1)"/>
            <line number="251" hits="0" branch="false"/>
            <line number="255" hits="0" branch="false"/>
            <line number="256" hits="0" branch="false"/>
            <line number="267" hits="0" branch="false"/>
            <line number="268" hits="0" branch="true" condition-coverage="0% (0/1)"/>
            <line number="269" hits="0" branch="false"/>
            <line number="270" hits="0" branch="false"/>
            <line number="275" hits="0" branch="true" condition-coverage="0% (0/1)"/>
            <line number="276" hits="0" branch="false"/>
            <line number="283" hits="0" branch="false"/>
            <line number="285" hits="0" branch="true" condition-coverage="0% (0/2)"/>
            <line number="286" hits="0" branch="false"/>
            <line number="287" hits="0" branch="false"/>
            <line number="289" hits="0" branch="false"/>
            <line number="290" hits="0" branch="true" condition-coverage="0% (0/3)"/>
            <line number="291" hits="0" branch="false"/>
            <line number="294" hits="0" branch="false"/>
            <line number="295" hits="0" branch="false"/>
            <line number="303" hits="0" branch="false"/>
            <line number="305" hits="0" branch="true" condition-coverage="0% (0/1)"/>
            <line number="306" hits="0" branch="false"/>
            <line number="313" hits="0" branch="false"/>
            <line number="316" hits="0" branch="false"/>
            <line number="317" hits="0" branch="false"/>
            <line number="319" hits="0" branch="true" condition-coverage="0% (0/2)"/>
            <line number="320" hits="0" branch="false"/>
            <line number="321" hits="0" branch="true" condition-coverage="0% (0/1)"/>
            <line number="322" hits="0" branch="false"/>
            <line number="329" hits="0" branch="false"/>
            <line number="332" hits="0" branch="false"/>
            <line number="352" hits="0" branch="false"/>
            <line number="355" hits="0" branch="false"/>
            <line number="356" hits="0" branch="false"/>
            <line number="362" hits="0" branch="false"/>
            <line number="363" hits="0" branch="false"/>
            <line number="371" hits="12" branch="false"/>
            <line number="375" hits="0" branch="false"/>
            <line number="379" hits="0" branch="false"/>
            <line number="384" hits="7" branch="false"/>
            <line number="386" hits="7" branch="false"/>
            <line number="387" hits="7" branch="false"/>
            <line number="388" hits="7" branch="false"/>
            <line number="389" hits="7" branch="false"/>
            <line number="395" hits="16" branch="false"/>
            <line number="396" hits="16" branch="true" condition-coverage="100% (1/1)"/>
            <line number="397" hits="9" branch="false"/>
            <line number="400" hits="7" branch="false"/>
            <line number="401" hits="7" branch="true" condition-coverage="0% (0/1)"/>
            <line number="402" hits="7" branch="false"/>
            <line number="403" hits="7" branch="false"/>
            <line number="409" hits="1" branch="false"/>
            <line number="413" hits="0" branch="true" condition-coverage="0% (0/1)"/>
            <line number="414" hits="0" branch="false"/>
            <line number="418" hits="0" branch="true" condition-coverage="0% (0/1)"/>
            <line number="419" hits="0" branch="false"/>
            <line number="420" hits="0" branch="true" condition-coverage="0% (0/1)"/>
            <line number="421" hits="0" branch="false"/>
            <line number="426" hits="0" branch="false"/>
            <line number="427" hits="0" branch="true" condition-coverage="0% (0/1)"/>
            <line number="428" hits="0" branch="false"/>
            <line number="445" hits="0" branch="false"/>
            <line number="451" hits="0" branch="false"/>
            <line number="456" hits="1" branch="false"/>
            <line number="457" hits="0" branch="false"/>
            <line number="458" hits="0" branch="false"/>
            <line number="459" hits="0" branch="false"/>
            <line number="460" hits="0" branch="true" condition-coverage="0% (0/1)"/>
            <line number="461" hits="0" branch="false"/>
            <line number="463" hits="0" branch="false"/>
            <line number="464" hits="0" branch="false"/>
            <line number="466" hits="0" branch="false"/>
            <line number="467" hits="0" branch="false"/>
            <line number="472" hits="1" branch="false"/>
            <line number="473" hits="1" branch="false"/>
            <line number="482" hits="2" branch="true" condition-coverage="0% (0/1)"/>
            <line number="483" hits="12" branch="false"/>
            <line number="489" hits="2" branch="true" condition-coverage="100% (1/1)"/>
            <line number="493" hits="1" branch="false"/>
            <line number="505" hits="2" branch="false"/>
            <line number="506" hits="1" branch="false"/>
            <line number="513" hits="1" branch="false"/>
            <line number="515" hits="1" branch="false"/>
            <line number="519" hits="2" branch="false"/>
            <line number="520" hits="1" branch="true" condition-coverage="25% (1/4)"/>
            <line number="526" hits="2" branch="false"/>
            <line number="527" hits="1" branch="false"/>
            <line number="528" hits="1" branch="false"/>
            <line number="530" hits="1" branch="true" condition-coverage="100% (1/1)"/>
            <line number="531" hits="1" branch="false"/>
            <line number="532" hits="4" branch="false"/>
            <line number="533" hits="2" branch="false"/>
            <line number="537" hits="1" branch="false"/>
            <line number="541" hits="2" branch="true" condition-coverage="0% (0/1)"/>
            <line number="542" hits="0" branch="false"/>
            <line number="544" hits="0" branch="false"/>
            <line number="545" hits="0" branch="false"/>
            <line number="550" hits="0" branch="false"/>
            <line number="551" hits="0" branch="false"/>
            <line number="560" hits="2" branch="false"/>
            <line number="563" hits="2" branch="false"/>
            <line number="564" hits="2" branch="false"/>
            <line number="567" hits="2" branch="false"/>
            <line number="568" hits="2" branch="false"/>
            <line number="569" hits="2" branch="false"/>
            <line number="570" hits="2" branch="false"/>
            <line number="571" hits="2" branch="false"/>
            <line number="572" hits="2" branch="false"/>
            <line number="573" hits="2" branch="false"/>
            <line number="574" hits="2" branch="false"/>
            <line number="578" hits="2" branch="false"/>
            <line number="581" hits="2" branch="false"/>
          </lines>
        </class>
        <class name="middleware.ts" filename="src\server\middleware.ts" line-rate="1" branch-rate="0.875">
          <methods>
            <method name="(anonymous_0)" hits="4" signature="()V">
              <lines>
                <line number="8" hits="4"/>
              </lines>
            </method>
            <method name="(anonymous_1)" hits="3" signature="()V">
              <lines>
                <line number="13" hits="3"/>
              </lines>
            </method>
            <method name="(anonymous_2)" hits="2" signature="()V">
              <lines>
                <line number="28" hits="2"/>
              </lines>
            </method>
            <method name="rateLimit" hits="9" signature="()V">
              <lines>
                <line number="37" hits="9"/>
              </lines>
            </method>
            <method name="(anonymous_4)" hits="1114" signature="()V">
              <lines>
                <line number="40" hits="1114"/>
              </lines>
            </method>
            <method name="(anonymous_5)" hits="1473" signature="()V">
              <lines>
                <line number="46" hits="1473"/>
              </lines>
            </method>
          </methods>
          <lines>
            <line number="8" hits="4" branch="false"/>
            <line number="9" hits="4" branch="false"/>
            <line number="10" hits="4" branch="false"/>
            <line number="13" hits="4" branch="false"/>
            <line number="19" hits="3" branch="false"/>
            <line number="20" hits="3" branch="false"/>
            <line number="28" hits="4" branch="false"/>
            <line number="29" hits="2" branch="false"/>
            <line number="37" hits="4" branch="false"/>
            <line number="38" hits="9" branch="false"/>
            <line number="40" hits="9" branch="false"/>
            <line number="41" hits="1114" branch="true" condition-coverage="66.66666666666666% (2/3)"/>
            <line number="42" hits="1114" branch="false"/>
            <line number="45" hits="1114" branch="true" condition-coverage="100% (2/2)"/>
            <line number="46" hits="1473" branch="false"/>
            <line number="49" hits="1114" branch="false"/>
            <line number="50" hits="1114" branch="false"/>
            <line number="53" hits="1114" branch="true" condition-coverage="100% (1/1)"/>
            <line number="54" hits="2" branch="false"/>
            <line number="62" hits="1112" branch="false"/>
          </lines>
        </class>
        <class name="templates.ts" filename="src\server\templates.ts" line-rate="0.9062" branch-rate="0.8108">
          <methods>
            <method name="generateDocument" hits="11" signature="()V">
              <lines>
                <line number="24" hits="11"/>
              </lines>
            </method>
            <method name="(anonymous_1)" hits="1" signature="()V">
              <lines>
                <line number="46" hits="1"/>
              </lines>
            </method>
            <method name="(anonymous_2)" hits="0" signature="()V">
              <lines>
                <line number="51" hits="0"/>
              </lines>
            </method>
            <method name="(anonymous_3)" hits="0" signature="()V">
              <lines>
                <line number="62" hits="0"/>
              </lines>
            </method>
            <method name="(anonymous_4)" hits="1" signature="()V">
              <lines>
                <line number="67" hits="1"/>
              </lines>
            </method>
            <method name="(anonymous_5)" hits="8" signature="()V">
              <lines>
                <line number="75" hits="8"/>
              </lines>
            </method>
            <method name="generateErrorPage" hits="4" signature="()V">
              <lines>
                <line number="105" hits="4"/>
              </lines>
            </method>
            <method name="generateLoadingPage" hits="3" signature="()V">
              <lines>
                <line number="210" hits="3"/>
              </lines>
            </method>
            <method name="escapeHtml" hits="32" signature="()V">
              <lines>
                <line number="256" hits="32"/>
              </lines>
            </method>
          </methods>
          <lines>
            <line number="24" hits="3" branch="false"/>
            <line number="42" hits="11" branch="false"/>
            <line number="45" hits="11" branch="false"/>
            <line number="46" hits="1" branch="false"/>
            <line number="50" hits="11" branch="false"/>
            <line number="51" hits="0" branch="false"/>
            <line number="55" hits="11" branch="false"/>
            <line number="62" hits="11" branch="false"/>
            <line number="63" hits="0" branch="false"/>
            <line number="67" hits="11" branch="false"/>
            <line number="68" hits="1" branch="true" condition-coverage="0% (0/1)"/>
            <line number="69" hits="0" branch="false"/>
            <line number="71" hits="1" branch="true" condition-coverage="50% (1/2)"/>
            <line number="75" hits="11" branch="false"/>
            <line number="76" hits="8" branch="true" condition-coverage="100% (1/1)"/>
            <line number="77" hits="7" branch="false"/>
            <line number="79" hits="1" branch="false"/>
            <line number="83" hits="11" branch="true" condition-coverage="100% (2/2)"/>
            <line number="87" hits="11" branch="false"/>
            <line number="105" hits="3" branch="false"/>
            <line number="110" hits="4" branch="false"/>
            <line number="118" hits="4" branch="true" condition-coverage="50% (1/2)"/>
            <line number="121" hits="4" branch="false"/>
            <line number="122" hits="4" branch="true" condition-coverage="100% (4/4)"/>
            <line number="129" hits="4" branch="false"/>
            <line number="140" hits="4" branch="false"/>
            <line number="199" hits="4" branch="false"/>
            <line number="210" hits="3" branch="true" condition-coverage="100% (1/1)"/>
            <line number="211" hits="3" branch="false"/>
            <line number="218" hits="3" branch="false"/>
            <line number="246" hits="3" branch="false"/>
            <line number="257" hits="32" branch="false"/>
          </lines>
        </class>
        <class name="utils.ts" filename="src\server\utils.ts" line-rate="1" branch-rate="0.9629000000000001">
          <methods>
            <method name="safeJsonParse" hits="3" signature="()V">
              <lines>
                <line number="12" hits="3"/>
              </lines>
            </method>
            <method name="generateToken" hits="4" signature="()V">
              <lines>
                <line number="23" hits="4"/>
              </lines>
            </method>
            <method name="hashString" hits="6" signature="()V">
              <lines>
                <line number="30" hits="6"/>
              </lines>
            </method>
            <method name="getPagination" hits="5" signature="()V">
              <lines>
                <line number="37" hits="5"/>
              </lines>
            </method>
            <method name="sendSuccess" hits="2" signature="()V">
              <lines>
                <line number="58" hits="2"/>
              </lines>
            </method>
            <method name="sendError" hits="2" signature="()V">
              <lines>
                <line number="69" hits="2"/>
              </lines>
            </method>
            <method name="validateFields" hits="3" signature="()V">
              <lines>
                <line number="85" hits="3"/>
              </lines>
            </method>
            <method name="(anonymous_8)" hits="7" signature="()V">
              <lines>
                <line number="89" hits="7"/>
              </lines>
            </method>
            <method name="validateFileUpload" hits="4" signature="()V">
              <lines>
                <line number="103" hits="4"/>
              </lines>
            </method>
            <method name="getEnvironmentInfo" hits="1" signature="()V">
              <lines>
                <line number="139" hits="1"/>
              </lines>
            </method>
            <method name="isDirectoryEmpty" hits="3" signature="()V">
              <lines>
                <line number="153" hits="3"/>
              </lines>
            </method>
            <method name="ensureDirectory" hits="4" signature="()V">
              <lines>
                <line number="166" hits="4"/>
              </lines>
            </method>
            <method name="writeJsonFile" hits="1" signature="()V">
              <lines>
                <line number="178" hits="1"/>
              </lines>
            </method>
            <method name="readJsonFile" hits="2" signature="()V">
              <lines>
                <line number="186" hits="2"/>
              </lines>
            </method>
          </methods>
          <lines>
            <line number="1" hits="3" branch="false"/>
            <line number="2" hits="3" branch="false"/>
            <line number="3" hits="3" branch="false"/>
            <line number="12" hits="3" branch="false"/>
            <line number="13" hits="3" branch="false"/>
            <line number="14" hits="3" branch="false"/>
            <line number="16" hits="1" branch="false"/>
            <line number="23" hits="3" branch="true" condition-coverage="100% (1/1)"/>
            <line number="24" hits="4" branch="false"/>
            <line number="30" hits="3" branch="true" condition-coverage="100% (1/1)"/>
            <line number="31" hits="6" branch="false"/>
            <line number="37" hits="3" branch="false"/>
            <line number="38" hits="5" branch="true" condition-coverage="100% (2/2)"/>
            <line number="39" hits="5" branch="false"/>
            <line number="44" hits="5" branch="true" condition-coverage="100% (4/4)"/>
            <line number="45" hits="2" branch="false"/>
            <line number="47" hits="3" branch="false"/>
            <line number="50" hits="5" branch="false"/>
            <line number="52" hits="5" branch="false"/>
            <line number="58" hits="3" branch="true" condition-coverage="100% (1/1)"/>
            <line number="59" hits="2" branch="false"/>
            <line number="69" hits="3" branch="false"/>
            <line number="75" hits="2" branch="false"/>
            <line number="85" hits="3" branch="false"/>
            <line number="89" hits="3" branch="false"/>
            <line number="90" hits="7" branch="false"/>
            <line number="91" hits="7" branch="true" condition-coverage="100% (3/3)"/>
            <line number="94" hits="3" branch="false"/>
            <line number="103" hits="3" branch="false"/>
            <line number="110" hits="4" branch="true" condition-coverage="100% (1/1)"/>
            <line number="111" hits="1" branch="false"/>
            <line number="115" hits="3" branch="true" condition-coverage="100% (3/3)"/>
            <line number="116" hits="1" branch="false"/>
            <line number="123" hits="2" branch="true" condition-coverage="100% (3/3)"/>
            <line number="124" hits="2" branch="false"/>
            <line number="125" hits="2" branch="true" condition-coverage="100% (1/1)"/>
            <line number="126" hits="1" branch="false"/>
            <line number="133" hits="1" branch="false"/>
            <line number="139" hits="3" branch="false"/>
            <line number="140" hits="1" branch="false"/>
            <line number="153" hits="3" branch="false"/>
            <line number="154" hits="3" branch="false"/>
            <line number="155" hits="3" branch="false"/>
            <line number="156" hits="2" branch="false"/>
            <line number="159" hits="1" branch="false"/>
            <line number="166" hits="3" branch="false"/>
            <line number="167" hits="4" branch="false"/>
            <line number="168" hits="4" branch="false"/>
            <line number="171" hits="4" branch="false"/>
            <line number="178" hits="3" branch="false"/>
            <line number="179" hits="1" branch="false"/>
            <line number="180" hits="1" branch="false"/>
            <line number="186" hits="3" branch="false"/>
            <line number="187" hits="2" branch="false"/>
            <line number="188" hits="2" branch="false"/>
            <line number="189" hits="1" branch="false"/>
            <line number="191" hits="1" branch="false"/>
          </lines>
        </class>
        <class name="wasm.ts" filename="src\server\wasm.ts" line-rate="0.5729" branch-rate="0.43329999999999996">
          <methods>
            <method name="initNodeWasm" hits="12" signature="()V">
              <lines>
                <line number="16" hits="12"/>
              </lines>
            </method>
            <method name="loadGoRuntime" hits="8" signature="()V">
              <lines>
                <line number="35" hits="8"/>
              </lines>
            </method>
            <method name="(anonymous_12)" hits="0" signature="()V">
              <lines>
                <line number="80" hits="0"/>
              </lines>
            </method>
            <method name="loadGoWasmFromFile" hits="8" signature="()V">
              <lines>
                <line number="104" hits="8"/>
              </lines>
            </method>
            <method name="(anonymous_14)" hits="5" signature="()V">
              <lines>
                <line number="161" hits="5"/>
              </lines>
            </method>
            <method name="(anonymous_15)" hits="725" signature="()V">
              <lines>
                <line number="173" hits="725"/>
              </lines>
            </method>
            <method name="(anonymous_16)" hits="0" signature="()V">
              <lines>
                <line number="207" hits="0"/>
              </lines>
            </method>
            <method name="callWasmFunction" hits="0" signature="()V">
              <lines>
                <line number="223" hits="0"/>
              </lines>
            </method>
            <method name="isWasmReady" hits="0" signature="()V">
              <lines>
                <line number="235" hits="0"/>
              </lines>
            </method>
            <method name="(anonymous_19)" hits="0" signature="()V">
              <lines>
                <line number="237" hits="0"/>
              </lines>
            </method>
            <method name="getWasmFunctions" hits="0" signature="()V">
              <lines>
                <line number="245" hits="0"/>
              </lines>
            </method>
            <method name="(anonymous_21)" hits="0" signature="()V">
              <lines>
                <line number="247" hits="0"/>
              </lines>
            </method>
          </methods>
          <lines>
            <line number="5" hits="4" branch="false"/>
            <line number="6" hits="4" branch="false"/>
            <line number="7" hits="4" branch="false"/>
            <line number="11" hits="4" branch="false"/>
            <line number="16" hits="4" branch="false"/>
            <line number="17" hits="12" branch="true" condition-coverage="100% (1/1)"/>
            <line number="19" hits="2" branch="false"/>
            <line number="21" hits="2" branch="true" condition-coverage="50% (1/2)"/>
            <line number="22" hits="2" branch="true" condition-coverage="50% (1/2)"/>
            <line number="25" hits="2" branch="false"/>
            <line number="27" hits="0" branch="false"/>
            <line number="28" hits="0" branch="false"/>
            <line number="36" hits="8" branch="true" condition-coverage="100% (1/1)"/>
            <line number="37" hits="8" branch="false"/>
            <line number="41" hits="0" branch="false"/>
            <line number="57" hits="0" branch="false"/>
            <line number="58" hits="0" branch="false"/>
            <line number="59" hits="0" branch="false"/>
            <line number="62" hits="0" branch="false"/>
            <line number="63" hits="0" branch="false"/>
            <line number="64" hits="0" branch="true" condition-coverage="0% (0/1)"/>
            <line number="65" hits="0" branch="false"/>
            <line number="68" hits="0" branch="false"/>
            <line number="72" hits="0" branch="false"/>
            <line number="75" hits="0" branch="true" condition-coverage="0% (0/1)"/>
            <line number="76" hits="0" branch="false"/>
            <line number="80" hits="0" branch="false"/>
            <line number="82" hits="0" branch="true" condition-coverage="0% (0/2)"/>
            <line number="83" hits="0" branch="false"/>
            <line number="84" hits="0" branch="false"/>
            <line number="86" hits="0" branch="false"/>
            <line number="89" hits="0" branch="false"/>
            <line number="90" hits="0" branch="false"/>
            <line number="94" hits="0" branch="false"/>
            <line number="104" hits="4" branch="false"/>
            <line number="108" hits="8" branch="false"/>
            <line number="110" hits="8" branch="false"/>
            <line number="112" hits="8" branch="true" condition-coverage="100% (1/1)"/>
            <line number="113" hits="1" branch="false"/>
            <line number="117" hits="8" branch="false"/>
            <line number="118" hits="8" branch="false"/>
            <line number="121" hits="8" branch="false"/>
            <line number="122" hits="6" branch="false"/>
            <line number="126" hits="5" branch="false"/>
            <line number="127" hits="5" branch="false"/>
            <line number="132" hits="5" branch="true" condition-coverage="100% (1/1)"/>
            <line number="133" hits="1" branch="false"/>
            <line number="136" hits="1" branch="false"/>
            <line number="137" hits="0" branch="true" condition-coverage="0% (0/3)"/>
            <line number="138" hits="0" branch="false"/>
            <line number="139" hits="0" branch="false"/>
            <line number="145" hits="5" branch="false"/>
            <line number="147" hits="5" branch="true" condition-coverage="100% (1/1)"/>
            <line number="148" hits="1" branch="false"/>
            <line number="153" hits="5" branch="false"/>
            <line number="155" hits="5" branch="true" condition-coverage="100% (1/1)"/>
            <line number="156" hits="1" branch="false"/>
            <line number="161" hits="5" branch="false"/>
            <line number="163" hits="5" branch="true" condition-coverage="100% (1/1)"/>
            <line number="164" hits="1" branch="false"/>
            <line number="168" hits="5" branch="false"/>
            <line number="169" hits="5" branch="false"/>
            <line number="172" hits="5" branch="false"/>
            <line number="173" hits="725" branch="false"/>
            <line number="175" hits="5" branch="true" condition-coverage="100% (1/1)"/>
            <line number="176" hits="1" branch="false"/>
            <line number="179" hits="5" branch="false"/>
            <line number="180" hits="0" branch="true" condition-coverage="0% (0/1)"/>
            <line number="181" hits="0" branch="false"/>
            <line number="182" hits="0" branch="true" condition-coverage="0% (0/1)"/>
            <line number="183" hits="0" branch="false"/>
            <line number="188" hits="5" branch="false"/>
            <line number="196" hits="5" branch="true" condition-coverage="100% (1/1)"/>
            <line number="197" hits="1" branch="false"/>
            <line number="200" hits="5" branch="true" condition-coverage="100% (1/1)"/>
            <line number="201" hits="1" branch="false"/>
            <line number="202" hits="1" branch="false"/>
            <line number="207" hits="5" branch="false"/>
            <line number="208" hits="0" branch="true" condition-coverage="0% (0/1)"/>
            <line number="209" hits="0" branch="false"/>
            <line number="213" hits="5" branch="false"/>
            <line number="215" hits="3" branch="false"/>
            <line number="216" hits="3" branch="false"/>
            <line number="223" hits="4" branch="false"/>
            <line number="224" hits="0" branch="false"/>
            <line number="225" hits="0" branch="true" condition-coverage="0% (0/1)"/>
            <line number="226" hits="0" branch="false"/>
            <line number="229" hits="0" branch="false"/>
            <line number="235" hits="4" branch="false"/>
            <line number="236" hits="0" branch="false"/>
            <line number="237" hits="0" branch="false"/>
            <line number="238" hits="0" branch="true" condition-coverage="0% (0/2)"/>
            <line number="245" hits="4" branch="false"/>
            <line number="246" hits="0" branch="false"/>
            <line number="247" hits="0" branch="false"/>
            <line number="248" hits="0" branch="true" condition-coverage="0% (0/2)"/>
          </lines>
        </class>
      </classes>
    </package>
  </packages>
</coverage>
