{"C:\\Users\\hamro\\Documents\\work\\pfe_fiii\\baraqex\\src\\server\\api-router.ts": {"path":"C:\\Users\\hamro\\Documents\\work\\pfe_fiii\\baraqex\\src\\server\\api-router.ts","statementMap":{"0":{"start":{"line":1,"column":0},"end":{"line":1,"column":24}},"1":{"start":{"line":2,"column":0},"end":{"line":2,"column":20}},"2":{"start":{"line":4,"column":0},"end":{"line":4,"column":36}},"3":{"start":{"line":23,"column":9},"end":{"line":23,"column":28}},"4":{"start":{"line":26,"column":10},"end":{"line":26,"column":39}},"5":{"start":{"line":29,"column":4},"end":{"line":29,"column":54}},"6":{"start":{"line":30,"column":4},"end":{"line":30,"column":21}},"7":{"start":{"line":35,"column":4},"end":{"line":35,"column":48}},"8":{"start":{"line":35,"column":41},"end":{"line":35,"column":48}},"9":{"start":{"line":37,"column":4},"end":{"line":49,"column":5}},"10":{"start":{"line":38,"column":22},"end":{"line":38,"column":45}},"11":{"start":{"line":39,"column":6},"end":{"line":39,"column":45}},"12":{"start":{"line":40,"column":6},"end":{"line":40,"column":25}},"13":{"start":{"line":41,"column":6},"end":{"line":41,"column":30}},"14":{"start":{"line":42,"column":6},"end":{"line":42,"column":59}},"15":{"start":{"line":44,"column":6},"end":{"line":44,"column":65}},"16":{"start":{"line":45,"column":6},"end":{"line":47,"column":7}},"17":{"start":{"line":46,"column":8},"end":{"line":46,"column":90}},"18":{"start":{"line":48,"column":6},"end":{"line":48,"column":18}},"19":{"start":{"line":53,"column":4},"end":{"line":53,"column":52}},"20":{"start":{"line":57,"column":4},"end":{"line":60,"column":5}},"21":{"start":{"line":58,"column":6},"end":{"line":58,"column":61}},"22":{"start":{"line":59,"column":6},"end":{"line":59,"column":13}},"23":{"start":{"line":62,"column":4},"end":{"line":62,"column":40}},"24":{"start":{"line":66,"column":20},"end":{"line":66,"column":68}},"25":{"start":{"line":68,"column":4},"end":{"line":79,"column":5}},"26":{"start":{"line":69,"column":23},"end":{"line":69,"column":53}},"27":{"start":{"line":71,"column":6},"end":{"line":78,"column":7}},"28":{"start":{"line":73,"column":8},"end":{"line":73,"column":69}},"29":{"start":{"line":74,"column":13},"end":{"line":78,"column":7}},"30":{"start":{"line":76,"column":26},"end":{"line":76,"column":68}},"31":{"start":{"line":77,"column":8},"end":{"line":77,"column":48}},"32":{"start":{"line":83,"column":4},"end":{"line":85,"column":37}},"33":{"start":{"line":90,"column":21},"end":{"line":90,"column":68}},"34":{"start":{"line":92,"column":4},"end":{"line":94,"column":5}},"35":{"start":{"line":93,"column":6},"end":{"line":93,"column":32}},"36":{"start":{"line":97,"column":23},"end":{"line":97,"column":51}},"37":{"start":{"line":98,"column":4},"end":{"line":100,"column":5}},"38":{"start":{"line":99,"column":6},"end":{"line":99,"column":48}},"39":{"start":{"line":102,"column":4},"end":{"line":102,"column":40}},"40":{"start":{"line":106,"column":4},"end":{"line":144,"column":5}},"41":{"start":{"line":108,"column":27},"end":{"line":108,"column":88}},"42":{"start":{"line":111,"column":22},"end":{"line":111,"column":54}},"43":{"start":{"line":114,"column":31},"end":{"line":114,"column":59}},"44":{"start":{"line":117,"column":26},"end":{"line":117,"column":56}},"45":{"start":{"line":117,"column":55},"end":{"line":117,"column":56}},"46":{"start":{"line":119,"column":6},"end":{"line":122,"column":7}},"47":{"start":{"line":120,"column":8},"end":{"line":120,"column":58}},"48":{"start":{"line":121,"column":8},"end":{"line":121,"column":15}},"49":{"start":{"line":124,"column":6},"end":{"line":124,"column":57}},"50":{"start":{"line":127,"column":25},"end":{"line":127,"column":53}},"51":{"start":{"line":130,"column":6},"end":{"line":141,"column":7}},"52":{"start":{"line":131,"column":24},"end":{"line":131,"column":43}},"53":{"start":{"line":132,"column":8},"end":{"line":140,"column":9}},"54":{"start":{"line":133,"column":31},"end":{"line":133,"column":50}},"55":{"start":{"line":134,"column":10},"end":{"line":139,"column":12}},"56":{"start":{"line":143,"column":6},"end":{"line":143,"column":69}},"57":{"start":{"line":148,"column":4},"end":{"line":148,"column":30}},"58":{"start":{"line":148,"column":17},"end":{"line":148,"column":30}},"59":{"start":{"line":151,"column":4},"end":{"line":152,"column":60}},"60":{"start":{"line":152,"column":22},"end":{"line":152,"column":58}},"61":{"start":{"line":156,"column":4},"end":{"line":162,"column":6}},"62":{"start":{"line":157,"column":6},"end":{"line":161,"column":7}},"63":{"start":{"line":158,"column":8},"end":{"line":158,"column":38}},"64":{"start":{"line":160,"column":8},"end":{"line":160,"column":20}},"65":{"start":{"line":22,"column":0},"end":{"line":22,"column":13}}},"fnMap":{"0":{"name":"(anonymous_10)","decl":{"start":{"line":28,"column":2},"end":{"line":28,"column":14}},"loc":{"start":{"line":28,"column":61},"end":{"line":32,"column":3}}},"1":{"name":"(anonymous_11)","decl":{"start":{"line":34,"column":2},"end":{"line":34,"column":7}},"loc":{"start":{"line":34,"column":18},"end":{"line":50,"column":3}}},"2":{"name":"(anonymous_12)","decl":{"start":{"line":38,"column":22},"end":{"line":38,"column":35}},"loc":{"start":{"line":38,"column":22},"end":{"line":38,"column":45}}},"3":{"name":"(anonymous_13)","decl":{"start":{"line":52,"column":2},"end":{"line":52,"column":15}},"loc":{"start":{"line":52,"column":15},"end":{"line":54,"column":3}}},"4":{"name":"(anonymous_14)","decl":{"start":{"line":56,"column":10},"end":{"line":56,"column":21}},"loc":{"start":{"line":56,"column":21},"end":{"line":63,"column":3}}},"5":{"name":"(anonymous_15)","decl":{"start":{"line":65,"column":10},"end":{"line":65,"column":23}},"loc":{"start":{"line":65,"column":60},"end":{"line":80,"column":3}}},"6":{"name":"(anonymous_16)","decl":{"start":{"line":82,"column":10},"end":{"line":82,"column":21}},"loc":{"start":{"line":82,"column":38},"end":{"line":86,"column":3}}},"7":{"name":"(anonymous_17)","decl":{"start":{"line":88,"column":10},"end":{"line":88,"column":22}},"loc":{"start":{"line":88,"column":60},"end":{"line":103,"column":3}}},"8":{"name":"(anonymous_18)","decl":{"start":{"line":105,"column":10},"end":{"line":105,"column":15}},"loc":{"start":{"line":105,"column":65},"end":{"line":145,"column":3}}},"9":{"name":"(anonymous_19)","decl":{"start":{"line":117,"column":55},"end":{"line":117,"column":56}},"loc":{"start":{"line":117,"column":55},"end":{"line":117,"column":56}}},"10":{"name":"(anonymous_20)","decl":{"start":{"line":147,"column":10},"end":{"line":147,"column":28}},"loc":{"start":{"line":147,"column":40},"end":{"line":153,"column":3}}},"11":{"name":"(anonymous_21)","decl":{"start":{"line":152,"column":12},"end":{"line":152,"column":18}},"loc":{"start":{"line":152,"column":22},"end":{"line":152,"column":58}}},"12":{"name":"(anonymous_22)","decl":{"start":{"line":155,"column":10},"end":{"line":155,"column":21}},"loc":{"start":{"line":155,"column":43},"end":{"line":163,"column":3}}},"13":{"name":"(anonymous_23)","decl":{"start":{"line":156,"column":11},"end":{"line":156,"column":16}},"loc":{"start":{"line":156,"column":51},"end":{"line":162,"column":5}}}},"branchMap":{"0":{"loc":{"start":{"line":28,"column":30},"end":{"line":28,"column":61}},"type":"default-arg","locations":[{"start":{"line":28,"column":57},"end":{"line":28,"column":61}}]},"1":{"loc":{"start":{"line":35,"column":4},"end":{"line":35,"column":48}},"type":"if","locations":[{"start":{"line":35,"column":4},"end":{"line":35,"column":48}}]},"2":{"loc":{"start":{"line":35,"column":8},"end":{"line":35,"column":39}},"type":"binary-expr","locations":[{"start":{"line":35,"column":8},"end":{"line":35,"column":24}},{"start":{"line":35,"column":28},"end":{"line":35,"column":39}}]},"3":{"loc":{"start":{"line":45,"column":6},"end":{"line":47,"column":7}},"type":"if","locations":[{"start":{"line":45,"column":6},"end":{"line":47,"column":7}}]},"4":{"loc":{"start":{"line":53,"column":11},"end":{"line":53,"column":51}},"type":"binary-expr","locations":[{"start":{"line":53,"column":11},"end":{"line":53,"column":27}},{"start":{"line":53,"column":31},"end":{"line":53,"column":51}}]},"5":{"loc":{"start":{"line":57,"column":4},"end":{"line":60,"column":5}},"type":"if","locations":[{"start":{"line":57,"column":4},"end":{"line":60,"column":5}}]},"6":{"loc":{"start":{"line":71,"column":6},"end":{"line":78,"column":7}},"type":"if","locations":[{"start":{"line":71,"column":6},"end":{"line":78,"column":7}},{"start":{"line":74,"column":13},"end":{"line":78,"column":7}}]},"7":{"loc":{"start":{"line":74,"column":13},"end":{"line":78,"column":7}},"type":"if","locations":[{"start":{"line":74,"column":13},"end":{"line":78,"column":7}}]},"8":{"loc":{"start":{"line":83,"column":11},"end":{"line":85,"column":36}},"type":"binary-expr","locations":[{"start":{"line":83,"column":11},"end":{"line":83,"column":35}},{"start":{"line":84,"column":11},"end":{"line":84,"column":35}},{"start":{"line":85,"column":11},"end":{"line":85,"column":36}}]},"9":{"loc":{"start":{"line":92,"column":4},"end":{"line":94,"column":5}},"type":"if","locations":[{"start":{"line":92,"column":4},"end":{"line":94,"column":5}}]},"10":{"loc":{"start":{"line":93,"column":13},"end":{"line":93,"column":31}},"type":"binary-expr","locations":[{"start":{"line":93,"column":13},"end":{"line":93,"column":24}},{"start":{"line":93,"column":28},"end":{"line":93,"column":31}}]},"11":{"loc":{"start":{"line":98,"column":4},"end":{"line":100,"column":5}},"type":"if","locations":[{"start":{"line":98,"column":4},"end":{"line":100,"column":5}}]},"12":{"loc":{"start":{"line":108,"column":27},"end":{"line":108,"column":88}},"type":"cond-expr","locations":[{"start":{"line":108,"column":55},"end":{"line":108,"column":63}},{"start":{"line":108,"column":66},"end":{"line":108,"column":88}}]},"13":{"loc":{"start":{"line":119,"column":6},"end":{"line":122,"column":7}},"type":"if","locations":[{"start":{"line":119,"column":6},"end":{"line":122,"column":7}}]},"14":{"loc":{"start":{"line":127,"column":25},"end":{"line":127,"column":53}},"type":"binary-expr","locations":[{"start":{"line":127,"column":25},"end":{"line":127,"column":47}},{"start":{"line":127,"column":51},"end":{"line":127,"column":53}}]},"15":{"loc":{"start":{"line":132,"column":8},"end":{"line":140,"column":9}},"type":"if","locations":[{"start":{"line":132,"column":8},"end":{"line":140,"column":9}}]},"16":{"loc":{"start":{"line":148,"column":4},"end":{"line":148,"column":30}},"type":"if","locations":[{"start":{"line":148,"column":4},"end":{"line":148,"column":30}}]}},"s":{"0":2,"1":2,"2":2,"3":25,"4":25,"5":25,"6":25,"7":4,"8":0,"9":4,"10":8,"11":4,"12":4,"13":4,"14":4,"15":0,"16":0,"17":0,"18":0,"19":7,"20":4,"21":4,"22":4,"23":0,"24":0,"25":0,"26":0,"27":0,"28":0,"29":0,"30":0,"31":0,"32":0,"33":0,"34":0,"35":0,"36":0,"37":0,"38":0,"39":0,"40":0,"41":0,"42":0,"43":0,"44":0,"45":0,"46":0,"47":0,"48":0,"49":0,"50":0,"51":0,"52":0,"53":0,"54":0,"55":0,"56":0,"57":0,"58":0,"59":0,"60":0,"61":0,"62":0,"63":0,"64":0,"65":2},"f":{"0":25,"1":4,"2":4,"3":7,"4":4,"5":0,"6":0,"7":0,"8":0,"9":0,"10":0,"11":0,"12":0,"13":0},"b":{"0":[18],"1":[0],"2":[4,0],"3":[0],"4":[7,4],"5":[4],"6":[0,0],"7":[0],"8":[0,0,0],"9":[0],"10":[0,0],"11":[0],"12":[0,0],"13":[0],"14":[0,0],"15":[0],"16":[0]}}
,"C:\\Users\\hamro\\Documents\\work\\pfe_fiii\\baraqex\\src\\server\\auth.ts": {"path":"C:\\Users\\hamro\\Documents\\work\\pfe_fiii\\baraqex\\src\\server\\auth.ts","statementMap":{"0":{"start":{"line":21,"column":4},"end":{"line":24,"column":6}},"1":{"start":{"line":28,"column":4},"end":{"line":36,"column":5}},"2":{"start":{"line":29,"column":21},"end":{"line":29,"column":45}},"3":{"start":{"line":30,"column":6},"end":{"line":30,"column":39}},"4":{"start":{"line":32,"column":6},"end":{"line":34,"column":7}},"5":{"start":{"line":33,"column":8},"end":{"line":33,"column":93}},"6":{"start":{"line":35,"column":6},"end":{"line":35,"column":18}},"7":{"start":{"line":40,"column":4},"end":{"line":48,"column":5}},"8":{"start":{"line":41,"column":21},"end":{"line":41,"column":45}},"9":{"start":{"line":42,"column":6},"end":{"line":42,"column":54}},"10":{"start":{"line":44,"column":6},"end":{"line":46,"column":7}},"11":{"start":{"line":45,"column":8},"end":{"line":45,"column":93}},"12":{"start":{"line":47,"column":6},"end":{"line":47,"column":18}},"13":{"start":{"line":52,"column":4},"end":{"line":70,"column":5}},"14":{"start":{"line":53,"column":18},"end":{"line":53,"column":41}},"15":{"start":{"line":54,"column":27},"end":{"line":54,"column":29}},"16":{"start":{"line":56,"column":6},"end":{"line":58,"column":7}},"17":{"start":{"line":57,"column":8},"end":{"line":57,"column":50}},"18":{"start":{"line":60,"column":6},"end":{"line":64,"column":8}},"19":{"start":{"line":66,"column":6},"end":{"line":68,"column":7}},"20":{"start":{"line":67,"column":8},"end":{"line":67,"column":105}},"21":{"start":{"line":69,"column":6},"end":{"line":69,"column":18}},"22":{"start":{"line":74,"column":4},"end":{"line":82,"column":5}},"23":{"start":{"line":75,"column":18},"end":{"line":75,"column":41}},"24":{"start":{"line":76,"column":6},"end":{"line":76,"column":51}},"25":{"start":{"line":78,"column":6},"end":{"line":80,"column":7}},"26":{"start":{"line":79,"column":8},"end":{"line":79,"column":105}},"27":{"start":{"line":81,"column":6},"end":{"line":81,"column":18}},"28":{"start":{"line":87,"column":4},"end":{"line":96,"column":6}},"29":{"start":{"line":88,"column":20},"end":{"line":88,"column":42}},"30":{"start":{"line":89,"column":6},"end":{"line":94,"column":7}},"31":{"start":{"line":90,"column":24},"end":{"line":90,"column":47}},"32":{"start":{"line":91,"column":8},"end":{"line":93,"column":9}},"33":{"start":{"line":92,"column":10},"end":{"line":92,"column":29}},"34":{"start":{"line":95,"column":6},"end":{"line":95,"column":13}},"35":{"start":{"line":101,"column":4},"end":{"line":106,"column":6}},"36":{"start":{"line":102,"column":6},"end":{"line":104,"column":7}},"37":{"start":{"line":103,"column":8},"end":{"line":103,"column":65}},"38":{"start":{"line":105,"column":6},"end":{"line":105,"column":20}},"39":{"start":{"line":111,"column":4},"end":{"line":124,"column":6}},"40":{"start":{"line":112,"column":6},"end":{"line":114,"column":7}},"41":{"start":{"line":113,"column":8},"end":{"line":113,"column":65}},"42":{"start":{"line":116,"column":24},"end":{"line":116,"column":44}},"43":{"start":{"line":117,"column":30},"end":{"line":117,"column":74}},"44":{"start":{"line":117,"column":49},"end":{"line":117,"column":73}},"45":{"start":{"line":119,"column":6},"end":{"line":121,"column":7}},"46":{"start":{"line":120,"column":8},"end":{"line":120,"column":62}},"47":{"start":{"line":123,"column":6},"end":{"line":123,"column":20}},"48":{"start":{"line":128,"column":4},"end":{"line":130,"column":5}},"49":{"start":{"line":129,"column":6},"end":{"line":129,"column":52}},"50":{"start":{"line":131,"column":4},"end":{"line":131,"column":16}},"51":{"start":{"line":17,"column":0},"end":{"line":17,"column":13}}},"fnMap":{"0":{"name":"(anonymous_9)","decl":{"start":{"line":20,"column":2},"end":{"line":20,"column":14}},"loc":{"start":{"line":20,"column":32},"end":{"line":25,"column":3}}},"1":{"name":"(anonymous_10)","decl":{"start":{"line":27,"column":2},"end":{"line":27,"column":7}},"loc":{"start":{"line":27,"column":37},"end":{"line":37,"column":3}}},"2":{"name":"(anonymous_11)","decl":{"start":{"line":29,"column":21},"end":{"line":29,"column":34}},"loc":{"start":{"line":29,"column":21},"end":{"line":29,"column":45}}},"3":{"name":"(anonymous_12)","decl":{"start":{"line":39,"column":2},"end":{"line":39,"column":7}},"loc":{"start":{"line":39,"column":65},"end":{"line":49,"column":3}}},"4":{"name":"(anonymous_13)","decl":{"start":{"line":41,"column":21},"end":{"line":41,"column":34}},"loc":{"start":{"line":41,"column":21},"end":{"line":41,"column":45}}},"5":{"name":"(anonymous_14)","decl":{"start":{"line":51,"column":2},"end":{"line":51,"column":15}},"loc":{"start":{"line":51,"column":44},"end":{"line":71,"column":3}}},"6":{"name":"(anonymous_15)","decl":{"start":{"line":73,"column":2},"end":{"line":73,"column":13}},"loc":{"start":{"line":73,"column":27},"end":{"line":83,"column":3}}},"7":{"name":"(anonymous_16)","decl":{"start":{"line":86,"column":2},"end":{"line":86,"column":12}},"loc":{"start":{"line":86,"column":12},"end":{"line":97,"column":3}}},"8":{"name":"(anonymous_17)","decl":{"start":{"line":87,"column":11},"end":{"line":87,"column":12}},"loc":{"start":{"line":87,"column":45},"end":{"line":96,"column":5}}},"9":{"name":"(anonymous_18)","decl":{"start":{"line":100,"column":2},"end":{"line":100,"column":13}},"loc":{"start":{"line":100,"column":13},"end":{"line":107,"column":3}}},"10":{"name":"(anonymous_19)","decl":{"start":{"line":101,"column":11},"end":{"line":101,"column":12}},"loc":{"start":{"line":101,"column":45},"end":{"line":106,"column":5}}},"11":{"name":"(anonymous_20)","decl":{"start":{"line":110,"column":2},"end":{"line":110,"column":14}},"loc":{"start":{"line":110,"column":30},"end":{"line":125,"column":3}}},"12":{"name":"(anonymous_21)","decl":{"start":{"line":111,"column":11},"end":{"line":111,"column":12}},"loc":{"start":{"line":111,"column":45},"end":{"line":124,"column":5}}},"13":{"name":"(anonymous_22)","decl":{"start":{"line":117,"column":41},"end":{"line":117,"column":45}},"loc":{"start":{"line":117,"column":49},"end":{"line":117,"column":73}}},"14":{"name":"(anonymous_23)","decl":{"start":{"line":127,"column":10},"end":{"line":127,"column":22}},"loc":{"start":{"line":127,"column":31},"end":{"line":132,"column":3}}}},"branchMap":{"0":{"loc":{"start":{"line":32,"column":6},"end":{"line":34,"column":7}},"type":"if","locations":[{"start":{"line":32,"column":6},"end":{"line":34,"column":7}}]},"1":{"loc":{"start":{"line":44,"column":6},"end":{"line":46,"column":7}},"type":"if","locations":[{"start":{"line":44,"column":6},"end":{"line":46,"column":7}}]},"2":{"loc":{"start":{"line":56,"column":6},"end":{"line":58,"column":7}},"type":"if","locations":[{"start":{"line":56,"column":6},"end":{"line":58,"column":7}}]},"3":{"loc":{"start":{"line":61,"column":55},"end":{"line":61,"column":71}},"type":"binary-expr","locations":[{"start":{"line":61,"column":55},"end":{"line":61,"column":65}},{"start":{"line":61,"column":69},"end":{"line":61,"column":71}}]},"4":{"loc":{"start":{"line":66,"column":6},"end":{"line":68,"column":7}},"type":"if","locations":[{"start":{"line":66,"column":6},"end":{"line":68,"column":7}}]},"5":{"loc":{"start":{"line":78,"column":6},"end":{"line":80,"column":7}},"type":"if","locations":[{"start":{"line":78,"column":6},"end":{"line":80,"column":7}}]},"6":{"loc":{"start":{"line":89,"column":6},"end":{"line":94,"column":7}},"type":"if","locations":[{"start":{"line":89,"column":6},"end":{"line":94,"column":7}}]},"7":{"loc":{"start":{"line":91,"column":8},"end":{"line":93,"column":9}},"type":"if","locations":[{"start":{"line":91,"column":8},"end":{"line":93,"column":9}}]},"8":{"loc":{"start":{"line":102,"column":6},"end":{"line":104,"column":7}},"type":"if","locations":[{"start":{"line":102,"column":6},"end":{"line":104,"column":7}}]},"9":{"loc":{"start":{"line":112,"column":6},"end":{"line":114,"column":7}},"type":"if","locations":[{"start":{"line":112,"column":6},"end":{"line":114,"column":7}}]},"10":{"loc":{"start":{"line":116,"column":24},"end":{"line":116,"column":44}},"type":"binary-expr","locations":[{"start":{"line":116,"column":24},"end":{"line":116,"column":38}},{"start":{"line":116,"column":42},"end":{"line":116,"column":44}}]},"11":{"loc":{"start":{"line":119,"column":6},"end":{"line":121,"column":7}},"type":"if","locations":[{"start":{"line":119,"column":6},"end":{"line":121,"column":7}}]},"12":{"loc":{"start":{"line":128,"column":4},"end":{"line":130,"column":5}},"type":"if","locations":[{"start":{"line":128,"column":4},"end":{"line":130,"column":5}}]},"13":{"loc":{"start":{"line":128,"column":8},"end":{"line":128,"column":84}},"type":"binary-expr","locations":[{"start":{"line":128,"column":8},"end":{"line":128,"column":33}},{"start":{"line":128,"column":37},"end":{"line":128,"column":84}}]}},"s":{"0":16,"1":2,"2":4,"3":2,"4":0,"5":0,"6":0,"7":2,"8":4,"9":2,"10":0,"11":0,"12":0,"13":4,"14":4,"15":4,"16":4,"17":4,"18":4,"19":0,"20":0,"21":0,"22":4,"23":4,"24":4,"25":2,"26":0,"27":2,"28":3,"29":3,"30":3,"31":2,"32":2,"33":1,"34":3,"35":2,"36":2,"37":1,"38":1,"39":4,"40":4,"41":1,"42":3,"43":3,"44":3,"45":3,"46":2,"47":1,"48":3,"49":2,"50":1,"51":2},"f":{"0":16,"1":2,"2":2,"3":2,"4":2,"5":4,"6":4,"7":3,"8":3,"9":2,"10":2,"11":4,"12":4,"13":3,"14":3},"b":{"0":[0],"1":[0],"2":[4],"3":[4,0],"4":[0],"5":[0],"6":[2],"7":[1],"8":[1],"9":[1],"10":[3,1],"11":[2],"12":[2],"13":[3,2]}}
,"C:\\Users\\hamro\\Documents\\work\\pfe_fiii\\baraqex\\src\\server\\database.ts": {"path":"C:\\Users\\hamro\\Documents\\work\\pfe_fiii\\baraqex\\src\\server\\database.ts","statementMap":{"0":{"start":{"line":8,"column":10},"end":{"line":8,"column":34}},"1":{"start":{"line":9,"column":10},"end":{"line":9,"column":30}},"2":{"start":{"line":10,"column":10},"end":{"line":10,"column":32}},"3":{"start":{"line":11,"column":10},"end":{"line":11,"column":29}},"4":{"start":{"line":14,"column":4},"end":{"line":14,"column":25}},"5":{"start":{"line":18,"column":4},"end":{"line":30,"column":5}},"6":{"start":{"line":20,"column":8},"end":{"line":20,"column":34}},"7":{"start":{"line":21,"column":8},"end":{"line":21,"column":14}},"8":{"start":{"line":23,"column":8},"end":{"line":23,"column":34}},"9":{"start":{"line":24,"column":8},"end":{"line":24,"column":14}},"10":{"start":{"line":26,"column":8},"end":{"line":26,"column":37}},"11":{"start":{"line":27,"column":8},"end":{"line":27,"column":14}},"12":{"start":{"line":29,"column":8},"end":{"line":29,"column":74}},"13":{"start":{"line":34,"column":4},"end":{"line":46,"column":5}},"14":{"start":{"line":35,"column":30},"end":{"line":35,"column":53}},"15":{"start":{"line":36,"column":6},"end":{"line":36,"column":58}},"16":{"start":{"line":37,"column":6},"end":{"line":37,"column":39}},"17":{"start":{"line":38,"column":6},"end":{"line":38,"column":43}},"18":{"start":{"line":39,"column":6},"end":{"line":39,"column":42}},"19":{"start":{"line":41,"column":6},"end":{"line":43,"column":7}},"20":{"start":{"line":42,"column":8},"end":{"line":42,"column":82}},"21":{"start":{"line":44,"column":6},"end":{"line":44,"column":56}},"22":{"start":{"line":45,"column":6},"end":{"line":45,"column":18}},"23":{"start":{"line":50,"column":4},"end":{"line":62,"column":5}},"24":{"start":{"line":51,"column":20},"end":{"line":51,"column":50}},"25":{"start":{"line":52,"column":6},"end":{"line":52,"column":57}},"26":{"start":{"line":54,"column":6},"end":{"line":54,"column":43}},"27":{"start":{"line":55,"column":6},"end":{"line":55,"column":40}},"28":{"start":{"line":57,"column":6},"end":{"line":59,"column":7}},"29":{"start":{"line":58,"column":8},"end":{"line":58,"column":79}},"30":{"start":{"line":60,"column":6},"end":{"line":60,"column":54}},"31":{"start":{"line":61,"column":6},"end":{"line":61,"column":18}},"32":{"start":{"line":66,"column":4},"end":{"line":79,"column":5}},"33":{"start":{"line":67,"column":17},"end":{"line":67,"column":35}},"34":{"start":{"line":68,"column":6},"end":{"line":68,"column":71}},"35":{"start":{"line":70,"column":21},"end":{"line":70,"column":48}},"36":{"start":{"line":71,"column":6},"end":{"line":71,"column":23}},"37":{"start":{"line":72,"column":6},"end":{"line":72,"column":45}},"38":{"start":{"line":74,"column":6},"end":{"line":76,"column":7}},"39":{"start":{"line":75,"column":8},"end":{"line":75,"column":90}},"40":{"start":{"line":77,"column":6},"end":{"line":77,"column":59}},"41":{"start":{"line":78,"column":6},"end":{"line":78,"column":18}},"42":{"start":{"line":83,"column":4},"end":{"line":87,"column":5}},"43":{"start":{"line":84,"column":6},"end":{"line":84,"column":37}},"44":{"start":{"line":85,"column":6},"end":{"line":85,"column":30}},"45":{"start":{"line":86,"column":6},"end":{"line":86,"column":26}},"46":{"start":{"line":89,"column":4},"end":{"line":92,"column":5}},"47":{"start":{"line":90,"column":6},"end":{"line":90,"column":33}},"48":{"start":{"line":91,"column":6},"end":{"line":91,"column":28}},"49":{"start":{"line":94,"column":4},"end":{"line":97,"column":5}},"50":{"start":{"line":95,"column":6},"end":{"line":95,"column":30}},"51":{"start":{"line":96,"column":6},"end":{"line":96,"column":25}},"52":{"start":{"line":102,"column":4},"end":{"line":102,"column":24}},"53":{"start":{"line":106,"column":4},"end":{"line":106,"column":26}},"54":{"start":{"line":110,"column":4},"end":{"line":110,"column":23}},"55":{"start":{"line":115,"column":4},"end":{"line":128,"column":5}},"56":{"start":{"line":117,"column":8},"end":{"line":117,"column":76}},"57":{"start":{"line":119,"column":8},"end":{"line":119,"column":68}},"58":{"start":{"line":119,"column":29},"end":{"line":119,"column":68}},"59":{"start":{"line":120,"column":23},"end":{"line":120,"column":70}},"60":{"start":{"line":121,"column":8},"end":{"line":121,"column":20}},"61":{"start":{"line":123,"column":8},"end":{"line":123,"column":70}},"62":{"start":{"line":123,"column":26},"end":{"line":123,"column":70}},"63":{"start":{"line":124,"column":23},"end":{"line":124,"column":65}},"64":{"start":{"line":125,"column":8},"end":{"line":125,"column":27}},"65":{"start":{"line":127,"column":8},"end":{"line":127,"column":74}},"66":{"start":{"line":6,"column":0},"end":{"line":6,"column":13}}},"fnMap":{"0":{"name":"(anonymous_9)","decl":{"start":{"line":13,"column":2},"end":{"line":13,"column":14}},"loc":{"start":{"line":13,"column":30},"end":{"line":15,"column":3}}},"1":{"name":"(anonymous_10)","decl":{"start":{"line":17,"column":2},"end":{"line":17,"column":7}},"loc":{"start":{"line":17,"column":15},"end":{"line":31,"column":3}}},"2":{"name":"(anonymous_11)","decl":{"start":{"line":33,"column":10},"end":{"line":33,"column":15}},"loc":{"start":{"line":33,"column":28},"end":{"line":47,"column":3}}},"3":{"name":"(anonymous_12)","decl":{"start":{"line":35,"column":30},"end":{"line":35,"column":43}},"loc":{"start":{"line":35,"column":30},"end":{"line":35,"column":53}}},"4":{"name":"(anonymous_13)","decl":{"start":{"line":49,"column":10},"end":{"line":49,"column":15}},"loc":{"start":{"line":49,"column":28},"end":{"line":63,"column":3}}},"5":{"name":"(anonymous_14)","decl":{"start":{"line":51,"column":20},"end":{"line":51,"column":33}},"loc":{"start":{"line":51,"column":20},"end":{"line":51,"column":50}}},"6":{"name":"(anonymous_15)","decl":{"start":{"line":65,"column":10},"end":{"line":65,"column":15}},"loc":{"start":{"line":65,"column":31},"end":{"line":80,"column":3}}},"7":{"name":"(anonymous_16)","decl":{"start":{"line":67,"column":17},"end":{"line":67,"column":30}},"loc":{"start":{"line":67,"column":17},"end":{"line":67,"column":35}}},"8":{"name":"(anonymous_17)","decl":{"start":{"line":82,"column":2},"end":{"line":82,"column":7}},"loc":{"start":{"line":82,"column":18},"end":{"line":98,"column":3}}},"9":{"name":"(anonymous_18)","decl":{"start":{"line":101,"column":2},"end":{"line":101,"column":12}},"loc":{"start":{"line":101,"column":12},"end":{"line":103,"column":3}}},"10":{"name":"(anonymous_19)","decl":{"start":{"line":105,"column":2},"end":{"line":105,"column":14}},"loc":{"start":{"line":105,"column":14},"end":{"line":107,"column":3}}},"11":{"name":"(anonymous_20)","decl":{"start":{"line":109,"column":2},"end":{"line":109,"column":11}},"loc":{"start":{"line":109,"column":11},"end":{"line":111,"column":3}}},"12":{"name":"(anonymous_21)","decl":{"start":{"line":114,"column":2},"end":{"line":114,"column":7}},"loc":{"start":{"line":114,"column":41},"end":{"line":129,"column":3}}}},"branchMap":{"0":{"loc":{"start":{"line":18,"column":4},"end":{"line":30,"column":5}},"type":"switch","locations":[{"start":{"line":19,"column":6},"end":{"line":21,"column":14}},{"start":{"line":22,"column":6},"end":{"line":24,"column":14}},{"start":{"line":25,"column":6},"end":{"line":27,"column":14}},{"start":{"line":28,"column":6},"end":{"line":29,"column":74}}]},"1":{"loc":{"start":{"line":41,"column":6},"end":{"line":43,"column":7}},"type":"if","locations":[{"start":{"line":41,"column":6},"end":{"line":43,"column":7}}]},"2":{"loc":{"start":{"line":57,"column":6},"end":{"line":59,"column":7}},"type":"if","locations":[{"start":{"line":57,"column":6},"end":{"line":59,"column":7}}]},"3":{"loc":{"start":{"line":74,"column":6},"end":{"line":76,"column":7}},"type":"if","locations":[{"start":{"line":74,"column":6},"end":{"line":76,"column":7}}]},"4":{"loc":{"start":{"line":83,"column":4},"end":{"line":87,"column":5}},"type":"if","locations":[{"start":{"line":83,"column":4},"end":{"line":87,"column":5}}]},"5":{"loc":{"start":{"line":89,"column":4},"end":{"line":92,"column":5}},"type":"if","locations":[{"start":{"line":89,"column":4},"end":{"line":92,"column":5}}]},"6":{"loc":{"start":{"line":94,"column":4},"end":{"line":97,"column":5}},"type":"if","locations":[{"start":{"line":94,"column":4},"end":{"line":97,"column":5}}]},"7":{"loc":{"start":{"line":115,"column":4},"end":{"line":128,"column":5}},"type":"switch","locations":[{"start":{"line":116,"column":6},"end":{"line":117,"column":76}},{"start":{"line":118,"column":6},"end":{"line":121,"column":20}},{"start":{"line":122,"column":6},"end":{"line":125,"column":27}},{"start":{"line":126,"column":6},"end":{"line":127,"column":74}}]},"8":{"loc":{"start":{"line":119,"column":8},"end":{"line":119,"column":68}},"type":"if","locations":[{"start":{"line":119,"column":8},"end":{"line":119,"column":68}}]},"9":{"loc":{"start":{"line":120,"column":57},"end":{"line":120,"column":69}},"type":"binary-expr","locations":[{"start":{"line":120,"column":57},"end":{"line":120,"column":63}},{"start":{"line":120,"column":67},"end":{"line":120,"column":69}}]},"10":{"loc":{"start":{"line":123,"column":8},"end":{"line":123,"column":70}},"type":"if","locations":[{"start":{"line":123,"column":8},"end":{"line":123,"column":70}}]},"11":{"loc":{"start":{"line":124,"column":52},"end":{"line":124,"column":64}},"type":"binary-expr","locations":[{"start":{"line":124,"column":52},"end":{"line":124,"column":58}},{"start":{"line":124,"column":62},"end":{"line":124,"column":64}}]}},"s":{"0":14,"1":14,"2":14,"3":14,"4":14,"5":1,"6":0,"7":0,"8":0,"9":0,"10":0,"11":0,"12":1,"13":0,"14":0,"15":0,"16":0,"17":0,"18":0,"19":0,"20":0,"21":0,"22":0,"23":0,"24":0,"25":0,"26":0,"27":0,"28":0,"29":0,"30":0,"31":0,"32":0,"33":0,"34":0,"35":0,"36":0,"37":0,"38":0,"39":0,"40":0,"41":0,"42":3,"43":0,"44":0,"45":0,"46":3,"47":0,"48":0,"49":3,"50":0,"51":0,"52":1,"53":1,"54":1,"55":4,"56":1,"57":1,"58":1,"59":0,"60":0,"61":1,"62":1,"63":0,"64":0,"65":1,"66":2},"f":{"0":14,"1":1,"2":0,"3":0,"4":0,"5":0,"6":0,"7":0,"8":3,"9":1,"10":1,"11":1,"12":4},"b":{"0":[0,0,0,1],"1":[0],"2":[0],"3":[0],"4":[0],"5":[0],"6":[0],"7":[1,1,1,1],"8":[1],"9":[0,0],"10":[1],"11":[0,0]}}
,"C:\\Users\\hamro\\Documents\\work\\pfe_fiii\\baraqex\\src\\server\\index.ts": {"path":"C:\\Users\\hamro\\Documents\\work\\pfe_fiii\\baraqex\\src\\server\\index.ts","statementMap":{"0":{"start":{"line":482,"column":0},"end":{"line":482,"column":16}},"1":{"start":{"line":489,"column":0},"end":{"line":489,"column":16}},"2":{"start":{"line":505,"column":0},"end":{"line":505,"column":16}},"3":{"start":{"line":519,"column":0},"end":{"line":519,"column":16}},"4":{"start":{"line":526,"column":0},"end":{"line":526,"column":16}},"5":{"start":{"line":1,"column":0},"end":{"line":1,"column":24}},"6":{"start":{"line":3,"column":0},"end":{"line":3,"column":20}},"7":{"start":{"line":4,"column":0},"end":{"line":4,"column":9}},"8":{"start":{"line":578,"column":9},"end":{"line":4,"column":50}},"9":{"start":{"line":5,"column":0},"end":{"line":5,"column":41}},"10":{"start":{"line":6,"column":0},"end":{"line":6,"column":40}},"11":{"start":{"line":7,"column":0},"end":{"line":7,"column":44}},"12":{"start":{"line":8,"column":0},"end":{"line":8,"column":90}},"13":{"start":{"line":11,"column":0},"end":{"line":11,"column":36}},"14":{"start":{"line":12,"column":0},"end":{"line":12,"column":44}},"15":{"start":{"line":13,"column":0},"end":{"line":13,"column":61}},"16":{"start":{"line":14,"column":0},"end":{"line":14,"column":36}},"17":{"start":{"line":18,"column":2},"end":{"line":29,"column":3}},"18":{"start":{"line":20,"column":25},"end":{"line":20,"column":58}},"19":{"start":{"line":22,"column":23},"end":{"line":22,"column":60}},"20":{"start":{"line":24,"column":22},"end":{"line":24,"column":56}},"21":{"start":{"line":26,"column":4},"end":{"line":26,"column":33}},"22":{"start":{"line":28,"column":4},"end":{"line":28,"column":14}},"23":{"start":{"line":51,"column":10},"end":{"line":51,"column":44}},"24":{"start":{"line":53,"column":10},"end":{"line":53,"column":37}},"25":{"start":{"line":54,"column":10},"end":{"line":54,"column":42}},"26":{"start":{"line":55,"column":10},"end":{"line":55,"column":39}},"27":{"start":{"line":58,"column":4},"end":{"line":65,"column":6}},"28":{"start":{"line":71,"column":4},"end":{"line":71,"column":33}},"29":{"start":{"line":71,"column":26},"end":{"line":71,"column":33}},"30":{"start":{"line":73,"column":4},"end":{"line":129,"column":5}},"31":{"start":{"line":75,"column":22},"end":{"line":75,"column":45}},"32":{"start":{"line":76,"column":6},"end":{"line":76,"column":35}},"33":{"start":{"line":79,"column":6},"end":{"line":79,"column":43}},"34":{"start":{"line":80,"column":6},"end":{"line":80,"column":67}},"35":{"start":{"line":83,"column":6},"end":{"line":90,"column":7}},"36":{"start":{"line":84,"column":8},"end":{"line":89,"column":9}},"37":{"start":{"line":85,"column":23},"end":{"line":85,"column":43}},"38":{"start":{"line":86,"column":10},"end":{"line":86,"column":62}},"39":{"start":{"line":88,"column":10},"end":{"line":88,"column":90}},"40":{"start":{"line":93,"column":6},"end":{"line":95,"column":7}},"41":{"start":{"line":94,"column":8},"end":{"line":94,"column":47}},"42":{"start":{"line":98,"column":6},"end":{"line":104,"column":7}},"43":{"start":{"line":99,"column":8},"end":{"line":102,"column":11}},"44":{"start":{"line":103,"column":8},"end":{"line":103,"column":45}},"45":{"start":{"line":107,"column":25},"end":{"line":107,"column":76}},"46":{"start":{"line":108,"column":6},"end":{"line":110,"column":7}},"47":{"start":{"line":109,"column":8},"end":{"line":109,"column":57}},"48":{"start":{"line":113,"column":6},"end":{"line":113,"column":28}},"49":{"start":{"line":116,"column":6},"end":{"line":116,"column":29}},"50":{"start":{"line":119,"column":6},"end":{"line":119,"column":36}},"51":{"start":{"line":120,"column":6},"end":{"line":120,"column":33}},"52":{"start":{"line":122,"column":6},"end":{"line":122,"column":30}},"53":{"start":{"line":125,"column":6},"end":{"line":127,"column":7}},"54":{"start":{"line":126,"column":8},"end":{"line":126,"column":90}},"55":{"start":{"line":128,"column":6},"end":{"line":128,"column":18}},"56":{"start":{"line":133,"column":22},"end":{"line":133,"column":67}},"57":{"start":{"line":136,"column":4},"end":{"line":136,"column":33}},"58":{"start":{"line":139,"column":4},"end":{"line":142,"column":5}},"59":{"start":{"line":140,"column":6},"end":{"line":140,"column":83}},"60":{"start":{"line":141,"column":6},"end":{"line":141,"column":13}},"61":{"start":{"line":144,"column":4},"end":{"line":144,"column":46}},"62":{"start":{"line":145,"column":4},"end":{"line":145,"column":58}},"63":{"start":{"line":148,"column":4},"end":{"line":151,"column":7}},"64":{"start":{"line":149,"column":22},"end":{"line":149,"column":44}},"65":{"start":{"line":150,"column":6},"end":{"line":150,"column":24}},"66":{"start":{"line":156,"column":19},"end":{"line":156,"column":67}},"67":{"start":{"line":157,"column":17},"end":{"line":157,"column":43}},"68":{"start":{"line":159,"column":4},"end":{"line":161,"column":5}},"69":{"start":{"line":160,"column":6},"end":{"line":160,"column":56}},"70":{"start":{"line":163,"column":4},"end":{"line":163,"column":16}},"71":{"start":{"line":167,"column":20},"end":{"line":167,"column":68}},"72":{"start":{"line":169,"column":4},"end":{"line":182,"column":5}},"73":{"start":{"line":170,"column":23},"end":{"line":170,"column":53}},"74":{"start":{"line":172,"column":6},"end":{"line":181,"column":7}},"75":{"start":{"line":173,"column":8},"end":{"line":173,"column":83}},"76":{"start":{"line":174,"column":13},"end":{"line":181,"column":7}},"77":{"start":{"line":175,"column":26},"end":{"line":175,"column":68}},"78":{"start":{"line":176,"column":8},"end":{"line":180,"column":11}},"79":{"start":{"line":186,"column":21},"end":{"line":186,"column":68}},"80":{"start":{"line":188,"column":4},"end":{"line":190,"column":5}},"81":{"start":{"line":189,"column":6},"end":{"line":189,"column":32}},"82":{"start":{"line":192,"column":23},"end":{"line":192,"column":51}},"83":{"start":{"line":193,"column":4},"end":{"line":195,"column":5}},"84":{"start":{"line":194,"column":6},"end":{"line":194,"column":48}},"85":{"start":{"line":197,"column":4},"end":{"line":197,"column":40}},"86":{"start":{"line":201,"column":4},"end":{"line":210,"column":5}},"87":{"start":{"line":202,"column":22},"end":{"line":202,"column":55}},"88":{"start":{"line":203,"column":22},"end":{"line":203,"column":74}},"89":{"start":{"line":204,"column":6},"end":{"line":207,"column":8}},"90":{"start":{"line":205,"column":8},"end":{"line":206,"column":63}},"91":{"start":{"line":209,"column":6},"end":{"line":209,"column":16}},"92":{"start":{"line":214,"column":22},"end":{"line":214,"column":72}},"93":{"start":{"line":215,"column":4},"end":{"line":217,"column":5}},"94":{"start":{"line":216,"column":6},"end":{"line":216,"column":13}},"95":{"start":{"line":220,"column":4},"end":{"line":229,"column":7}},"96":{"start":{"line":221,"column":6},"end":{"line":228,"column":7}},"97":{"start":{"line":222,"column":37},"end":{"line":222,"column":68}},"98":{"start":{"line":223,"column":8},"end":{"line":223,"column":49}},"99":{"start":{"line":225,"column":8},"end":{"line":225,"column":54}},"100":{"start":{"line":226,"column":26},"end":{"line":226,"column":74}},"101":{"start":{"line":227,"column":8},"end":{"line":227,"column":40}},"102":{"start":{"line":233,"column":4},"end":{"line":367,"column":5}},"103":{"start":{"line":235,"column":23},"end":{"line":235,"column":100}},"104":{"start":{"line":236,"column":6},"end":{"line":241,"column":7}},"105":{"start":{"line":237,"column":8},"end":{"line":240,"column":10}},"106":{"start":{"line":244,"column":27},"end":{"line":244,"column":36}},"107":{"start":{"line":245,"column":6},"end":{"line":247,"column":7}},"108":{"start":{"line":246,"column":8},"end":{"line":246,"column":46}},"109":{"start":{"line":250,"column":6},"end":{"line":252,"column":7}},"110":{"start":{"line":251,"column":8},"end":{"line":251,"column":34}},"111":{"start":{"line":255,"column":21},"end":{"line":255,"column":23}},"112":{"start":{"line":256,"column":28},"end":{"line":265,"column":8}},"113":{"start":{"line":267,"column":6},"end":{"line":272,"column":7}},"114":{"start":{"line":268,"column":8},"end":{"line":271,"column":9}},"115":{"start":{"line":269,"column":10},"end":{"line":269,"column":23}},"116":{"start":{"line":270,"column":10},"end":{"line":270,"column":16}},"117":{"start":{"line":275,"column":6},"end":{"line":280,"column":7}},"118":{"start":{"line":276,"column":8},"end":{"line":279,"column":10}},"119":{"start":{"line":283,"column":6},"end":{"line":360,"column":7}},"120":{"start":{"line":285,"column":29},"end":{"line":285,"column":90}},"121":{"start":{"line":286,"column":24},"end":{"line":286,"column":56}},"122":{"start":{"line":287,"column":33},"end":{"line":287,"column":61}},"123":{"start":{"line":289,"column":27},"end":{"line":289,"column":57}},"124":{"start":{"line":289,"column":56},"end":{"line":289,"column":57}},"125":{"start":{"line":290,"column":8},"end":{"line":292,"column":9}},"126":{"start":{"line":291,"column":10},"end":{"line":291,"column":68}},"127":{"start":{"line":294,"column":30},"end":{"line":294,"column":48}},"128":{"start":{"line":295,"column":29},"end":{"line":300,"column":10}},"129":{"start":{"line":303,"column":29},"end":{"line":303,"column":79}},"130":{"start":{"line":305,"column":8},"end":{"line":310,"column":9}},"131":{"start":{"line":306,"column":10},"end":{"line":309,"column":12}},"132":{"start":{"line":313,"column":28},"end":{"line":313,"column":45}},"133":{"start":{"line":316,"column":24},"end":{"line":316,"column":32}},"134":{"start":{"line":317,"column":8},"end":{"line":326,"column":9}},"135":{"start":{"line":319,"column":10},"end":{"line":323,"column":11}},"136":{"start":{"line":320,"column":12},"end":{"line":320,"column":61}},"137":{"start":{"line":321,"column":17},"end":{"line":323,"column":11}},"138":{"start":{"line":322,"column":12},"end":{"line":322,"column":44}},"139":{"start":{"line":329,"column":30},"end":{"line":329,"column":66}},"140":{"start":{"line":332,"column":25},"end":{"line":350,"column":10}},"141":{"start":{"line":352,"column":8},"end":{"line":352,"column":51}},"142":{"start":{"line":355,"column":8},"end":{"line":355,"column":54}},"143":{"start":{"line":356,"column":8},"end":{"line":359,"column":10}},"144":{"start":{"line":362,"column":6},"end":{"line":362,"column":50}},"145":{"start":{"line":363,"column":6},"end":{"line":366,"column":8}},"146":{"start":{"line":371,"column":4},"end":{"line":371,"column":20}},"147":{"start":{"line":375,"column":4},"end":{"line":375,"column":19}},"148":{"start":{"line":379,"column":4},"end":{"line":379,"column":21}},"149":{"start":{"line":384,"column":4},"end":{"line":384,"column":31}},"150":{"start":{"line":386,"column":4},"end":{"line":391,"column":7}},"151":{"start":{"line":387,"column":6},"end":{"line":390,"column":9}},"152":{"start":{"line":388,"column":8},"end":{"line":388,"column":78}},"153":{"start":{"line":389,"column":8},"end":{"line":389,"column":18}},"154":{"start":{"line":395,"column":4},"end":{"line":405,"column":7}},"155":{"start":{"line":396,"column":6},"end":{"line":398,"column":7}},"156":{"start":{"line":397,"column":8},"end":{"line":397,"column":25}},"157":{"start":{"line":400,"column":6},"end":{"line":404,"column":9}},"158":{"start":{"line":401,"column":8},"end":{"line":401,"column":36}},"159":{"start":{"line":401,"column":17},"end":{"line":401,"column":36}},"160":{"start":{"line":402,"column":8},"end":{"line":402,"column":27}},"161":{"start":{"line":403,"column":8},"end":{"line":403,"column":18}},"162":{"start":{"line":409,"column":4},"end":{"line":409,"column":48}},"163":{"start":{"line":409,"column":34},"end":{"line":409,"column":46}},"164":{"start":{"line":413,"column":4},"end":{"line":415,"column":5}},"165":{"start":{"line":414,"column":6},"end":{"line":414,"column":92}},"166":{"start":{"line":418,"column":4},"end":{"line":447,"column":5}},"167":{"start":{"line":419,"column":24},"end":{"line":419,"column":75}},"168":{"start":{"line":420,"column":6},"end":{"line":422,"column":7}},"169":{"start":{"line":421,"column":8},"end":{"line":421,"column":53}},"170":{"start":{"line":426,"column":27},"end":{"line":426,"column":60}},"171":{"start":{"line":427,"column":6},"end":{"line":446,"column":7}},"172":{"start":{"line":428,"column":32},"end":{"line":444,"column":10}},"173":{"start":{"line":445,"column":8},"end":{"line":445,"column":56}},"174":{"start":{"line":451,"column":4},"end":{"line":451,"column":17}},"175":{"start":{"line":456,"column":29},"end":{"line":469,"column":5}},"176":{"start":{"line":457,"column":6},"end":{"line":457,"column":65}},"177":{"start":{"line":458,"column":6},"end":{"line":468,"column":7}},"178":{"start":{"line":459,"column":8},"end":{"line":459,"column":26}},"179":{"start":{"line":460,"column":8},"end":{"line":462,"column":9}},"180":{"start":{"line":461,"column":10},"end":{"line":461,"column":37}},"181":{"start":{"line":463,"column":8},"end":{"line":463,"column":51}},"182":{"start":{"line":464,"column":8},"end":{"line":464,"column":24}},"183":{"start":{"line":466,"column":8},"end":{"line":466,"column":55}},"184":{"start":{"line":467,"column":8},"end":{"line":467,"column":24}},"185":{"start":{"line":472,"column":4},"end":{"line":472,"column":44}},"186":{"start":{"line":473,"column":4},"end":{"line":473,"column":43}},"187":{"start":{"line":49,"column":0},"end":{"line":49,"column":13}},"188":{"start":{"line":483,"column":2},"end":{"line":483,"column":28}},"189":{"start":{"line":493,"column":2},"end":{"line":499,"column":5}},"190":{"start":{"line":506,"column":17},"end":{"line":510,"column":4}},"191":{"start":{"line":513,"column":2},"end":{"line":513,"column":30}},"192":{"start":{"line":515,"column":2},"end":{"line":515,"column":16}},"193":{"start":{"line":520,"column":2},"end":{"line":523,"column":7}},"194":{"start":{"line":527,"column":42},"end":{"line":527,"column":44}},"195":{"start":{"line":528,"column":23},"end":{"line":528,"column":41}},"196":{"start":{"line":530,"column":2},"end":{"line":535,"column":3}},"197":{"start":{"line":531,"column":4},"end":{"line":534,"column":7}},"198":{"start":{"line":532,"column":28},"end":{"line":532,"column":64}},"199":{"start":{"line":532,"column":55},"end":{"line":532,"column":63}},"200":{"start":{"line":533,"column":6},"end":{"line":533,"column":28}},"201":{"start":{"line":537,"column":2},"end":{"line":537,"column":17}},"202":{"start":{"line":541,"column":31},"end":{"line":557,"column":1}},"203":{"start":{"line":542,"column":2},"end":{"line":556,"column":3}},"204":{"start":{"line":544,"column":17},"end":{"line":544,"column":49}},"205":{"start":{"line":545,"column":4},"end":{"line":548,"column":6}},"206":{"start":{"line":550,"column":4},"end":{"line":550,"column":55}},"207":{"start":{"line":551,"column":4},"end":{"line":555,"column":6}},"208":{"start":{"line":541,"column":13},"end":{"line":541,"column":31}},"209":{"start":{"line":560,"column":0},"end":{"line":560,"column":9}},"210":{"start":{"line":560,"column":9},"end":{"line":560,"column":23}},"211":{"start":{"line":560,"column":23},"end":{"line":560,"column":61}},"212":{"start":{"line":563,"column":0},"end":{"line":563,"column":27}},"213":{"start":{"line":564,"column":0},"end":{"line":564,"column":31}},"214":{"start":{"line":567,"column":0},"end":{"line":567,"column":9}},"215":{"start":{"line":567,"column":9},"end":{"line":567,"column":41}},"216":{"start":{"line":568,"column":0},"end":{"line":568,"column":9}},"217":{"start":{"line":568,"column":9},"end":{"line":568,"column":40}},"218":{"start":{"line":569,"column":0},"end":{"line":569,"column":9}},"219":{"start":{"line":569,"column":9},"end":{"line":569,"column":44}},"220":{"start":{"line":570,"column":0},"end":{"line":570,"column":null}},"221":{"start":{"line":571,"column":2},"end":{"line":571,"column":null}},"222":{"start":{"line":572,"column":2},"end":{"line":572,"column":null}},"223":{"start":{"line":573,"column":2},"end":{"line":573,"column":null}},"224":{"start":{"line":574,"column":2},"end":{"line":574,"column":null}},"225":{"start":{"line":581,"column":0},"end":{"line":603,"column":2}}},"fnMap":{"0":{"name":"(anonymous_11)","decl":{"start":{"line":578,"column":9},"end":{"line":578,"column":23}},"loc":{"start":{"line":578,"column":9},"end":{"line":4,"column":50}}},"1":{"name":"getComponentName","decl":{"start":{"line":17,"column":9},"end":{"line":17,"column":25}},"loc":{"start":{"line":17,"column":60},"end":{"line":30,"column":1}}},"2":{"name":"(anonymous_13)","decl":{"start":{"line":57,"column":2},"end":{"line":57,"column":14}},"loc":{"start":{"line":57,"column":39},"end":{"line":68,"column":3}}},"3":{"name":"(anonymous_14)","decl":{"start":{"line":70,"column":10},"end":{"line":70,"column":15}},"loc":{"start":{"line":70,"column":29},"end":{"line":130,"column":3}}},"4":{"name":"(anonymous_15)","decl":{"start":{"line":75,"column":22},"end":{"line":75,"column":35}},"loc":{"start":{"line":75,"column":22},"end":{"line":75,"column":45}}},"5":{"name":"(anonymous_16)","decl":{"start":{"line":85,"column":23},"end":{"line":85,"column":36}},"loc":{"start":{"line":85,"column":23},"end":{"line":85,"column":43}}},"6":{"name":"(anonymous_17)","decl":{"start":{"line":132,"column":10},"end":{"line":132,"column":15}},"loc":{"start":{"line":132,"column":30},"end":{"line":152,"column":3}}},"7":{"name":"(anonymous_18)","decl":{"start":{"line":148,"column":30},"end":{"line":148,"column":31}},"loc":{"start":{"line":148,"column":53},"end":{"line":151,"column":5}}},"8":{"name":"(anonymous_19)","decl":{"start":{"line":154,"column":10},"end":{"line":154,"column":25}},"loc":{"start":{"line":154,"column":25},"end":{"line":164,"column":3}}},"9":{"name":"(anonymous_20)","decl":{"start":{"line":166,"column":10},"end":{"line":166,"column":26}},"loc":{"start":{"line":166,"column":81},"end":{"line":183,"column":3}}},"10":{"name":"(anonymous_21)","decl":{"start":{"line":185,"column":10},"end":{"line":185,"column":22}},"loc":{"start":{"line":185,"column":60},"end":{"line":198,"column":3}}},"11":{"name":"(anonymous_22)","decl":{"start":{"line":200,"column":10},"end":{"line":200,"column":26}},"loc":{"start":{"line":200,"column":43},"end":{"line":211,"column":3}}},"12":{"name":"(anonymous_23)","decl":{"start":{"line":204,"column":28},"end":{"line":204,"column":34}},"loc":{"start":{"line":205,"column":8},"end":{"line":206,"column":63}}},"13":{"name":"(anonymous_24)","decl":{"start":{"line":213,"column":10},"end":{"line":213,"column":25}},"loc":{"start":{"line":213,"column":25},"end":{"line":230,"column":3}}},"14":{"name":"(anonymous_25)","decl":{"start":{"line":220,"column":22},"end":{"line":220,"column":27}},"loc":{"start":{"line":220,"column":162},"end":{"line":229,"column":5}}},"15":{"name":"(anonymous_26)","decl":{"start":{"line":232,"column":10},"end":{"line":232,"column":15}},"loc":{"start":{"line":232,"column":44},"end":{"line":368,"column":3}}},"16":{"name":"(anonymous_27)","decl":{"start":{"line":289,"column":56},"end":{"line":289,"column":57}},"loc":{"start":{"line":289,"column":56},"end":{"line":289,"column":57}}},"17":{"name":"(anonymous_28)","decl":{"start":{"line":370,"column":9},"end":{"line":370,"column":22}},"loc":{"start":{"line":370,"column":22},"end":{"line":372,"column":3}}},"18":{"name":"(anonymous_29)","decl":{"start":{"line":374,"column":9},"end":{"line":374,"column":20}},"loc":{"start":{"line":374,"column":20},"end":{"line":376,"column":3}}},"19":{"name":"(anonymous_30)","decl":{"start":{"line":378,"column":9},"end":{"line":378,"column":16}},"loc":{"start":{"line":378,"column":16},"end":{"line":380,"column":3}}},"20":{"name":"(anonymous_31)","decl":{"start":{"line":382,"column":9},"end":{"line":382,"column":14}},"loc":{"start":{"line":382,"column":20},"end":{"line":392,"column":3}}},"21":{"name":"(anonymous_32)","decl":{"start":{"line":386,"column":23},"end":{"line":386,"column":24}},"loc":{"start":{"line":386,"column":35},"end":{"line":391,"column":5}}},"22":{"name":"(anonymous_33)","decl":{"start":{"line":387,"column":54},"end":{"line":387,"column":57}},"loc":{"start":{"line":387,"column":59},"end":{"line":390,"column":7}}},"23":{"name":"(anonymous_34)","decl":{"start":{"line":394,"column":9},"end":{"line":394,"column":13}},"loc":{"start":{"line":394,"column":13},"end":{"line":406,"column":3}}},"24":{"name":"(anonymous_35)","decl":{"start":{"line":395,"column":23},"end":{"line":395,"column":24}},"loc":{"start":{"line":395,"column":43},"end":{"line":405,"column":5}}},"25":{"name":"(anonymous_36)","decl":{"start":{"line":400,"column":24},"end":{"line":400,"column":25}},"loc":{"start":{"line":400,"column":37},"end":{"line":404,"column":7}}},"26":{"name":"(anonymous_37)","decl":{"start":{"line":408,"column":9},"end":{"line":408,"column":16}},"loc":{"start":{"line":408,"column":16},"end":{"line":410,"column":3}}},"27":{"name":"(anonymous_38)","decl":{"start":{"line":409,"column":28},"end":{"line":409,"column":31}},"loc":{"start":{"line":409,"column":34},"end":{"line":409,"column":46}}},"28":{"name":"(anonymous_39)","decl":{"start":{"line":412,"column":9},"end":{"line":412,"column":18}},"loc":{"start":{"line":412,"column":57},"end":{"line":448,"column":3}}},"29":{"name":"(anonymous_40)","decl":{"start":{"line":450,"column":9},"end":{"line":450,"column":23}},"loc":{"start":{"line":450,"column":56},"end":{"line":452,"column":3}}},"30":{"name":"(anonymous_41)","decl":{"start":{"line":454,"column":9},"end":{"line":454,"column":27}},"loc":{"start":{"line":454,"column":27},"end":{"line":474,"column":3}}},"31":{"name":"(anonymous_42)","decl":{"start":{"line":456,"column":29},"end":{"line":456,"column":34}},"loc":{"start":{"line":456,"column":40},"end":{"line":469,"column":5}}},"32":{"name":"createServer","decl":{"start":{"line":482,"column":16},"end":{"line":482,"column":28}},"loc":{"start":{"line":482,"column":54},"end":{"line":484,"column":1}}},"33":{"name":"createDevServer","decl":{"start":{"line":489,"column":16},"end":{"line":489,"column":31}},"loc":{"start":{"line":492,"column":6},"end":{"line":500,"column":1}}},"34":{"name":"createProductionServer","decl":{"start":{"line":505,"column":16},"end":{"line":505,"column":38}},"loc":{"start":{"line":505,"column":59},"end":{"line":516,"column":1}}},"35":{"name":"getRequestIp","decl":{"start":{"line":519,"column":16},"end":{"line":519,"column":28}},"loc":{"start":{"line":519,"column":37},"end":{"line":524,"column":1}}},"36":{"name":"parseCookies","decl":{"start":{"line":526,"column":16},"end":{"line":526,"column":28}},"loc":{"start":{"line":526,"column":37},"end":{"line":538,"column":1}}},"37":{"name":"(anonymous_48)","decl":{"start":{"line":531,"column":36},"end":{"line":531,"column":37}},"loc":{"start":{"line":531,"column":55},"end":{"line":534,"column":5}}},"38":{"name":"(anonymous_49)","decl":{"start":{"line":532,"column":50},"end":{"line":532,"column":51}},"loc":{"start":{"line":532,"column":55},"end":{"line":532,"column":63}}},"39":{"name":"(anonymous_50)","decl":{"start":{"line":541,"column":31},"end":{"line":541,"column":32}},"loc":{"start":{"line":541,"column":67},"end":{"line":557,"column":1}}},"40":{"name":"(anonymous_51)","decl":{"start":{"line":560,"column":9},"end":{"line":560,"column":21}},"loc":{"start":{"line":560,"column":9},"end":{"line":560,"column":23}}},"41":{"name":"(anonymous_52)","decl":{"start":{"line":560,"column":23},"end":{"line":560,"column":41}},"loc":{"start":{"line":560,"column":23},"end":{"line":560,"column":61}}},"42":{"name":"(anonymous_53)","decl":{"start":{"line":567,"column":9},"end":{"line":567,"column":17}},"loc":{"start":{"line":567,"column":9},"end":{"line":567,"column":41}}},"43":{"name":"(anonymous_54)","decl":{"start":{"line":568,"column":9},"end":{"line":568,"column":20}},"loc":{"start":{"line":568,"column":9},"end":{"line":568,"column":40}}},"44":{"name":"(anonymous_55)","decl":{"start":{"line":569,"column":9},"end":{"line":569,"column":18}},"loc":{"start":{"line":569,"column":9},"end":{"line":569,"column":44}}},"45":{"name":"(anonymous_56)","decl":{"start":{"line":571,"column":2},"end":{"line":571,"column":15}},"loc":{"start":{"line":571,"column":2},"end":{"line":571,"column":null}}},"46":{"name":"(anonymous_57)","decl":{"start":{"line":572,"column":2},"end":{"line":572,"column":14}},"loc":{"start":{"line":572,"column":2},"end":{"line":572,"column":null}}},"47":{"name":"(anonymous_58)","decl":{"start":{"line":573,"column":2},"end":{"line":573,"column":17}},"loc":{"start":{"line":573,"column":2},"end":{"line":573,"column":null}}},"48":{"name":"(anonymous_59)","decl":{"start":{"line":574,"column":2},"end":{"line":574,"column":11}},"loc":{"start":{"line":574,"column":2},"end":{"line":574,"column":null}}}},"branchMap":{"0":{"loc":{"start":{"line":57,"column":14},"end":{"line":57,"column":39}},"type":"default-arg","locations":[{"start":{"line":57,"column":37},"end":{"line":57,"column":39}}]},"1":{"loc":{"start":{"line":71,"column":4},"end":{"line":71,"column":33}},"type":"if","locations":[{"start":{"line":71,"column":4},"end":{"line":71,"column":33}}]},"2":{"loc":{"start":{"line":83,"column":6},"end":{"line":90,"column":7}},"type":"if","locations":[{"start":{"line":83,"column":6},"end":{"line":90,"column":7}}]},"3":{"loc":{"start":{"line":93,"column":6},"end":{"line":95,"column":7}},"type":"if","locations":[{"start":{"line":93,"column":6},"end":{"line":95,"column":7}}]},"4":{"loc":{"start":{"line":98,"column":6},"end":{"line":104,"column":7}},"type":"if","locations":[{"start":{"line":98,"column":6},"end":{"line":104,"column":7}}]},"5":{"loc":{"start":{"line":108,"column":6},"end":{"line":110,"column":7}},"type":"if","locations":[{"start":{"line":108,"column":6},"end":{"line":110,"column":7}}]},"6":{"loc":{"start":{"line":125,"column":6},"end":{"line":127,"column":7}},"type":"if","locations":[{"start":{"line":125,"column":6},"end":{"line":127,"column":7}}]},"7":{"loc":{"start":{"line":125,"column":10},"end":{"line":125,"column":80}},"type":"binary-expr","locations":[{"start":{"line":125,"column":10},"end":{"line":125,"column":43}},{"start":{"line":125,"column":47},"end":{"line":125,"column":80}}]},"8":{"loc":{"start":{"line":139,"column":4},"end":{"line":142,"column":5}},"type":"if","locations":[{"start":{"line":139,"column":4},"end":{"line":142,"column":5}}]},"9":{"loc":{"start":{"line":139,"column":8},"end":{"line":139,"column":55}},"type":"binary-expr","locations":[{"start":{"line":139,"column":8},"end":{"line":139,"column":34}},{"start":{"line":139,"column":38},"end":{"line":139,"column":55}}]},"10":{"loc":{"start":{"line":159,"column":4},"end":{"line":161,"column":5}},"type":"if","locations":[{"start":{"line":159,"column":4},"end":{"line":161,"column":5}}]},"11":{"loc":{"start":{"line":172,"column":6},"end":{"line":181,"column":7}},"type":"if","locations":[{"start":{"line":172,"column":6},"end":{"line":181,"column":7}},{"start":{"line":174,"column":13},"end":{"line":181,"column":7}}]},"12":{"loc":{"start":{"line":174,"column":13},"end":{"line":181,"column":7}},"type":"if","locations":[{"start":{"line":174,"column":13},"end":{"line":181,"column":7}}]},"13":{"loc":{"start":{"line":174,"column":17},"end":{"line":174,"column":73}},"type":"binary-expr","locations":[{"start":{"line":174,"column":17},"end":{"line":174,"column":43}},{"start":{"line":174,"column":47},"end":{"line":174,"column":73}}]},"14":{"loc":{"start":{"line":188,"column":4},"end":{"line":190,"column":5}},"type":"if","locations":[{"start":{"line":188,"column":4},"end":{"line":190,"column":5}}]},"15":{"loc":{"start":{"line":189,"column":13},"end":{"line":189,"column":31}},"type":"binary-expr","locations":[{"start":{"line":189,"column":13},"end":{"line":189,"column":24}},{"start":{"line":189,"column":28},"end":{"line":189,"column":31}}]},"16":{"loc":{"start":{"line":193,"column":4},"end":{"line":195,"column":5}},"type":"if","locations":[{"start":{"line":193,"column":4},"end":{"line":195,"column":5}}]},"17":{"loc":{"start":{"line":205,"column":8},"end":{"line":206,"column":63}},"type":"binary-expr","locations":[{"start":{"line":205,"column":8},"end":{"line":205,"column":77}},{"start":{"line":206,"column":8},"end":{"line":206,"column":63}}]},"18":{"loc":{"start":{"line":215,"column":4},"end":{"line":217,"column":5}},"type":"if","locations":[{"start":{"line":215,"column":4},"end":{"line":217,"column":5}}]},"19":{"loc":{"start":{"line":223,"column":19},"end":{"line":223,"column":36}},"type":"binary-expr","locations":[{"start":{"line":223,"column":19},"end":{"line":223,"column":29}},{"start":{"line":223,"column":33},"end":{"line":223,"column":36}}]},"20":{"loc":{"start":{"line":235,"column":23},"end":{"line":235,"column":100}},"type":"cond-expr","locations":[{"start":{"line":235,"column":46},"end":{"line":235,"column":95}},{"start":{"line":235,"column":98},"end":{"line":235,"column":100}}]},"21":{"loc":{"start":{"line":236,"column":6},"end":{"line":241,"column":7}},"type":"if","locations":[{"start":{"line":236,"column":6},"end":{"line":241,"column":7}}]},"22":{"loc":{"start":{"line":236,"column":10},"end":{"line":236,"column":47}},"type":"binary-expr","locations":[{"start":{"line":236,"column":10},"end":{"line":236,"column":19}},{"start":{"line":236,"column":23},"end":{"line":236,"column":47}}]},"23":{"loc":{"start":{"line":245,"column":6},"end":{"line":247,"column":7}},"type":"if","locations":[{"start":{"line":245,"column":6},"end":{"line":247,"column":7}}]},"24":{"loc":{"start":{"line":250,"column":6},"end":{"line":252,"column":7}},"type":"if","locations":[{"start":{"line":250,"column":6},"end":{"line":252,"column":7}}]},"25":{"loc":{"start":{"line":268,"column":8},"end":{"line":271,"column":9}},"type":"if","locations":[{"start":{"line":268,"column":8},"end":{"line":271,"column":9}}]},"26":{"loc":{"start":{"line":275,"column":6},"end":{"line":280,"column":7}},"type":"if","locations":[{"start":{"line":275,"column":6},"end":{"line":280,"column":7}}]},"27":{"loc":{"start":{"line":285,"column":29},"end":{"line":285,"column":90}},"type":"cond-expr","locations":[{"start":{"line":285,"column":57},"end":{"line":285,"column":65}},{"start":{"line":285,"column":68},"end":{"line":285,"column":90}}]},"28":{"loc":{"start":{"line":290,"column":8},"end":{"line":292,"column":9}},"type":"if","locations":[{"start":{"line":290,"column":8},"end":{"line":292,"column":9}}]},"29":{"loc":{"start":{"line":290,"column":12},"end":{"line":290,"column":46}},"type":"binary-expr","locations":[{"start":{"line":290,"column":12},"end":{"line":290,"column":23}},{"start":{"line":290,"column":27},"end":{"line":290,"column":46}}]},"30":{"loc":{"start":{"line":305,"column":8},"end":{"line":310,"column":9}},"type":"if","locations":[{"start":{"line":305,"column":8},"end":{"line":310,"column":9}}]},"31":{"loc":{"start":{"line":307,"column":76},"end":{"line":307,"column":161}},"type":"cond-expr","locations":[{"start":{"line":307,"column":114},"end":{"line":307,"column":132}},{"start":{"line":307,"column":135},"end":{"line":307,"column":161}}]},"32":{"loc":{"start":{"line":319,"column":10},"end":{"line":323,"column":11}},"type":"if","locations":[{"start":{"line":319,"column":10},"end":{"line":323,"column":11}},{"start":{"line":321,"column":17},"end":{"line":323,"column":11}}]},"33":{"loc":{"start":{"line":321,"column":17},"end":{"line":323,"column":11}},"type":"if","locations":[{"start":{"line":321,"column":17},"end":{"line":323,"column":11}}]},"34":{"loc":{"start":{"line":335,"column":23},"end":{"line":337,"column":47}},"type":"cond-expr","locations":[{"start":{"line":336,"column":14},"end":{"line":336,"column":56}},{"start":{"line":337,"column":15},"end":{"line":337,"column":46}}]},"35":{"loc":{"start":{"line":337,"column":15},"end":{"line":337,"column":46}},"type":"binary-expr","locations":[{"start":{"line":337,"column":15},"end":{"line":337,"column":40}},{"start":{"line":337,"column":44},"end":{"line":337,"column":46}}]},"36":{"loc":{"start":{"line":341,"column":16},"end":{"line":343,"column":16}},"type":"cond-expr","locations":[{"start":{"line":342,"column":14},"end":{"line":342,"column":49}},{"start":{"line":343,"column":14},"end":{"line":343,"column":16}}]},"37":{"loc":{"start":{"line":357,"column":73},"end":{"line":357,"column":132}},"type":"cond-expr","locations":[{"start":{"line":357,"column":98},"end":{"line":357,"column":103}},{"start":{"line":357,"column":106},"end":{"line":357,"column":132}}]},"38":{"loc":{"start":{"line":364,"column":63},"end":{"line":364,"column":122}},"type":"cond-expr","locations":[{"start":{"line":364,"column":88},"end":{"line":364,"column":93}},{"start":{"line":364,"column":96},"end":{"line":364,"column":122}}]},"39":{"loc":{"start":{"line":396,"column":6},"end":{"line":398,"column":7}},"type":"if","locations":[{"start":{"line":396,"column":6},"end":{"line":398,"column":7}}]},"40":{"loc":{"start":{"line":401,"column":8},"end":{"line":401,"column":36}},"type":"if","locations":[{"start":{"line":401,"column":8},"end":{"line":401,"column":36}}]},"41":{"loc":{"start":{"line":412,"column":19},"end":{"line":412,"column":57}},"type":"default-arg","locations":[{"start":{"line":412,"column":55},"end":{"line":412,"column":57}}]},"42":{"loc":{"start":{"line":413,"column":4},"end":{"line":415,"column":5}},"type":"if","locations":[{"start":{"line":413,"column":4},"end":{"line":415,"column":5}}]},"43":{"loc":{"start":{"line":418,"column":4},"end":{"line":447,"column":5}},"type":"if","locations":[{"start":{"line":418,"column":4},"end":{"line":447,"column":5}}]},"44":{"loc":{"start":{"line":420,"column":6},"end":{"line":422,"column":7}},"type":"if","locations":[{"start":{"line":420,"column":6},"end":{"line":422,"column":7}}]},"45":{"loc":{"start":{"line":427,"column":6},"end":{"line":446,"column":7}},"type":"if","locations":[{"start":{"line":427,"column":6},"end":{"line":446,"column":7}}]},"46":{"loc":{"start":{"line":460,"column":8},"end":{"line":462,"column":9}},"type":"if","locations":[{"start":{"line":460,"column":8},"end":{"line":462,"column":9}}]},"47":{"loc":{"start":{"line":482,"column":29},"end":{"line":482,"column":54}},"type":"default-arg","locations":[{"start":{"line":482,"column":52},"end":{"line":482,"column":54}}]},"48":{"loc":{"start":{"line":489,"column":32},"end":{"line":492,"column":6}},"type":"default-arg","locations":[{"start":{"line":492,"column":4},"end":{"line":492,"column":6}}]},"49":{"loc":{"start":{"line":494,"column":10},"end":{"line":494,"column":30}},"type":"binary-expr","locations":[{"start":{"line":494,"column":10},"end":{"line":494,"column":22}},{"start":{"line":494,"column":26},"end":{"line":494,"column":30}}]},"50":{"loc":{"start":{"line":509,"column":10},"end":{"line":509,"column":79}},"type":"binary-expr","locations":[{"start":{"line":509,"column":10},"end":{"line":509,"column":21}},{"start":{"line":509,"column":26},"end":{"line":509,"column":78}}]},"51":{"loc":{"start":{"line":509,"column":26},"end":{"line":509,"column":78}},"type":"cond-expr","locations":[{"start":{"line":509,"column":45},"end":{"line":509,"column":71}},{"start":{"line":509,"column":74},"end":{"line":509,"column":78}}]},"52":{"loc":{"start":{"line":520,"column":9},"end":{"line":523,"column":6}},"type":"binary-expr","locations":[{"start":{"line":520,"column":9},"end":{"line":520,"column":15}},{"start":{"line":521,"column":5},"end":{"line":521,"column":68}},{"start":{"line":522,"column":4},"end":{"line":522,"column":28}},{"start":{"line":523,"column":4},"end":{"line":523,"column":6}}]},"53":{"loc":{"start":{"line":530,"column":2},"end":{"line":535,"column":3}},"type":"if","locations":[{"start":{"line":530,"column":2},"end":{"line":535,"column":3}}]},"54":{"loc":{"start":{"line":541,"column":48},"end":{"line":541,"column":63}},"type":"default-arg","locations":[{"start":{"line":541,"column":61},"end":{"line":541,"column":63}}]},"55":{"loc":{"start":{"line":546,"column":12},"end":{"line":546,"column":58}},"type":"cond-expr","locations":[{"start":{"line":546,"column":39},"end":{"line":546,"column":43}},{"start":{"line":546,"column":46},"end":{"line":546,"column":58}}]}},"s":{"0":2,"1":2,"2":2,"3":2,"4":2,"5":2,"6":2,"7":2,"8":2,"9":2,"10":2,"11":2,"12":2,"13":2,"14":2,"15":2,"16":2,"17":0,"18":0,"19":0,"20":0,"21":0,"22":0,"23":25,"24":25,"25":25,"26":25,"27":25,"28":7,"29":1,"30":6,"31":12,"32":6,"33":6,"34":6,"35":6,"36":6,"37":12,"38":6,"39":0,"40":6,"41":0,"42":6,"43":0,"44":0,"45":6,"46":6,"47":6,"48":6,"49":6,"50":6,"51":6,"52":6,"53":0,"54":0,"55":0,"56":6,"57":6,"58":6,"59":0,"60":0,"61":6,"62":6,"63":6,"64":0,"65":0,"66":0,"67":0,"68":0,"69":0,"70":0,"71":0,"72":0,"73":0,"74":0,"75":0,"76":0,"77":0,"78":0,"79":0,"80":0,"81":0,"82":0,"83":0,"84":0,"85":0,"86":0,"87":0,"88":0,"89":0,"90":0,"91":0,"92":6,"93":6,"94":0,"95":6,"96":0,"97":0,"98":0,"99":0,"100":0,"101":0,"102":0,"103":0,"104":0,"105":0,"106":0,"107":0,"108":0,"109":0,"110":0,"111":0,"112":0,"113":0,"114":0,"115":0,"116":0,"117":0,"118":0,"119":0,"120":0,"121":0,"122":0,"123":0,"124":0,"125":0,"126":0,"127":0,"128":0,"129":0,"130":0,"131":0,"132":0,"133":0,"134":0,"135":0,"136":0,"137":0,"138":0,"139":0,"140":0,"141":0,"142":0,"143":0,"144":0,"145":0,"146":12,"147":0,"148":0,"149":7,"150":7,"151":7,"152":7,"153":7,"154":16,"155":16,"156":9,"157":7,"158":7,"159":0,"160":7,"161":7,"162":1,"163":1,"164":0,"165":0,"166":0,"167":0,"168":0,"169":0,"170":0,"171":0,"172":0,"173":0,"174":0,"175":1,"176":0,"177":0,"178":0,"179":0,"180":0,"181":0,"182":0,"183":0,"184":0,"185":1,"186":1,"187":2,"188":12,"189":1,"190":1,"191":1,"192":1,"193":1,"194":1,"195":1,"196":1,"197":1,"198":2,"199":4,"200":2,"201":1,"202":2,"203":0,"204":0,"205":0,"206":0,"207":0,"208":2,"209":2,"210":2,"211":2,"212":2,"213":2,"214":2,"215":2,"216":2,"217":2,"218":2,"219":2,"220":2,"221":2,"222":2,"223":2,"224":2,"225":2},"f":{"0":0,"1":0,"2":25,"3":7,"4":6,"5":6,"6":6,"7":0,"8":0,"9":0,"10":0,"11":0,"12":0,"13":6,"14":0,"15":0,"16":0,"17":12,"18":0,"19":0,"20":7,"21":7,"22":7,"23":16,"24":16,"25":7,"26":1,"27":1,"28":0,"29":0,"30":1,"31":0,"32":12,"33":1,"34":1,"35":1,"36":1,"37":2,"38":4,"39":0,"40":0,"41":0,"42":0,"43":0,"44":0,"45":0,"46":0,"47":0,"48":0},"b":{"0":[0],"1":[1],"2":[6],"3":[0],"4":[0],"5":[6],"6":[0],"7":[0,0],"8":[0],"9":[6,6],"10":[0],"11":[0,0],"12":[0],"13":[0,0],"14":[0],"15":[0,0],"16":[0],"17":[0,0],"18":[0],"19":[0,0],"20":[0,0],"21":[0],"22":[0,0],"23":[0],"24":[0],"25":[0],"26":[0],"27":[0,0],"28":[0],"29":[0,0],"30":[0],"31":[0,0],"32":[0,0],"33":[0],"34":[0,0],"35":[0,0],"36":[0,0],"37":[0,0],"38":[0,0],"39":[9],"40":[0],"41":[0],"42":[0],"43":[0],"44":[0],"45":[0],"46":[0],"47":[0],"48":[1],"49":[1,1],"50":[1,0],"51":[0,0],"52":[1,0,0,0],"53":[1],"54":[0],"55":[0,0]}}
,"C:\\Users\\hamro\\Documents\\work\\pfe_fiii\\baraqex\\src\\server\\middleware.ts": {"path":"C:\\Users\\hamro\\Documents\\work\\pfe_fiii\\baraqex\\src\\server\\middleware.ts","statementMap":{"0":{"start":{"line":37,"column":0},"end":{"line":37,"column":16}},"1":{"start":{"line":8,"column":49},"end":{"line":11,"column":1}},"2":{"start":{"line":9,"column":2},"end":{"line":9,"column":72}},"3":{"start":{"line":10,"column":2},"end":{"line":10,"column":9}},"4":{"start":{"line":8,"column":13},"end":{"line":8,"column":49}},"5":{"start":{"line":13,"column":28},"end":{"line":26,"column":1}},"6":{"start":{"line":19,"column":2},"end":{"line":19,"column":27}},"7":{"start":{"line":20,"column":2},"end":{"line":25,"column":5}},"8":{"start":{"line":13,"column":13},"end":{"line":13,"column":28}},"9":{"start":{"line":28,"column":31},"end":{"line":34,"column":1}},"10":{"start":{"line":29,"column":2},"end":{"line":33,"column":5}},"11":{"start":{"line":28,"column":13},"end":{"line":28,"column":31}},"12":{"start":{"line":38,"column":19},"end":{"line":38,"column":46}},"13":{"start":{"line":40,"column":2},"end":{"line":63,"column":4}},"14":{"start":{"line":41,"column":15},"end":{"line":41,"column":62}},"15":{"start":{"line":42,"column":16},"end":{"line":42,"column":26}},"16":{"start":{"line":45,"column":21},"end":{"line":46,"column":52}},"17":{"start":{"line":46,"column":22},"end":{"line":46,"column":51}},"18":{"start":{"line":49,"column":4},"end":{"line":49,"column":23}},"19":{"start":{"line":50,"column":4},"end":{"line":50,"column":31}},"20":{"start":{"line":53,"column":4},"end":{"line":60,"column":5}},"21":{"start":{"line":54,"column":6},"end":{"line":59,"column":9}},"22":{"start":{"line":62,"column":4},"end":{"line":62,"column":18}}},"fnMap":{"0":{"name":"(anonymous_0)","decl":{"start":{"line":8,"column":49},"end":{"line":8,"column":50}},"loc":{"start":{"line":8,"column":68},"end":{"line":11,"column":1}}},"1":{"name":"(anonymous_1)","decl":{"start":{"line":13,"column":28},"end":{"line":13,"column":null}},"loc":{"start":{"line":18,"column":4},"end":{"line":26,"column":1}}},"2":{"name":"(anonymous_2)","decl":{"start":{"line":28,"column":31},"end":{"line":28,"column":32}},"loc":{"start":{"line":28,"column":54},"end":{"line":34,"column":1}}},"3":{"name":"rateLimit","decl":{"start":{"line":37,"column":16},"end":{"line":37,"column":25}},"loc":{"start":{"line":37,"column":68},"end":{"line":64,"column":1}}},"4":{"name":"(anonymous_4)","decl":{"start":{"line":40,"column":9},"end":{"line":40,"column":10}},"loc":{"start":{"line":40,"column":43},"end":{"line":63,"column":3}}},"5":{"name":"(anonymous_5)","decl":{"start":{"line":46,"column":14},"end":{"line":46,"column":18}},"loc":{"start":{"line":46,"column":22},"end":{"line":46,"column":51}}}},"branchMap":{"0":{"loc":{"start":{"line":23,"column":10},"end":{"line":23,"column":97}},"type":"cond-expr","locations":[{"start":{"line":23,"column":50},"end":{"line":23,"column":92}},{"start":{"line":23,"column":95},"end":{"line":23,"column":97}}]},"1":{"loc":{"start":{"line":41,"column":15},"end":{"line":41,"column":62}},"type":"binary-expr","locations":[{"start":{"line":41,"column":15},"end":{"line":41,"column":21}},{"start":{"line":41,"column":25},"end":{"line":41,"column":49}},{"start":{"line":41,"column":53},"end":{"line":41,"column":62}}]},"2":{"loc":{"start":{"line":45,"column":22},"end":{"line":45,"column":44}},"type":"binary-expr","locations":[{"start":{"line":45,"column":22},"end":{"line":45,"column":38}},{"start":{"line":45,"column":42},"end":{"line":45,"column":44}}]},"3":{"loc":{"start":{"line":53,"column":4},"end":{"line":60,"column":5}},"type":"if","locations":[{"start":{"line":53,"column":4},"end":{"line":60,"column":5}}]}},"s":{"0":4,"1":4,"2":4,"3":4,"4":4,"5":4,"6":3,"7":3,"8":4,"9":4,"10":2,"11":4,"12":9,"13":9,"14":1114,"15":1114,"16":1114,"17":1473,"18":1114,"19":1114,"20":1114,"21":2,"22":1112},"f":{"0":4,"1":3,"2":2,"3":9,"4":1114,"5":1473},"b":{"0":[2,1],"1":[1114,1,0],"2":[1114,364],"3":[2]}}
,"C:\\Users\\hamro\\Documents\\work\\pfe_fiii\\baraqex\\src\\server\\templates.ts": {"path":"C:\\Users\\hamro\\Documents\\work\\pfe_fiii\\baraqex\\src\\server\\templates.ts","statementMap":{"0":{"start":{"line":24,"column":0},"end":{"line":24,"column":16}},"1":{"start":{"line":105,"column":0},"end":{"line":105,"column":16}},"2":{"start":{"line":210,"column":0},"end":{"line":210,"column":16}},"3":{"start":{"line":42,"column":6},"end":{"line":42,"column":13}},"4":{"start":{"line":45,"column":25},"end":{"line":47,"column":14}},"5":{"start":{"line":46,"column":27},"end":{"line":46,"column":58}},"6":{"start":{"line":50,"column":25},"end":{"line":52,"column":14}},"7":{"start":{"line":51,"column":27},"end":{"line":51,"column":58}},"8":{"start":{"line":55,"column":19},"end":{"line":59,"column":4}},"9":{"start":{"line":62,"column":2},"end":{"line":64,"column":5}},"10":{"start":{"line":63,"column":4},"end":{"line":63,"column":88}},"11":{"start":{"line":67,"column":21},"end":{"line":72,"column":4}},"12":{"start":{"line":68,"column":4},"end":{"line":70,"column":5}},"13":{"start":{"line":69,"column":6},"end":{"line":69,"column":17}},"14":{"start":{"line":71,"column":4},"end":{"line":71,"column":108}},"15":{"start":{"line":75,"column":20},"end":{"line":80,"column":4}},"16":{"start":{"line":76,"column":4},"end":{"line":78,"column":5}},"17":{"start":{"line":77,"column":6},"end":{"line":77,"column":18}},"18":{"start":{"line":79,"column":4},"end":{"line":79,"column":64}},"19":{"start":{"line":83,"column":28},"end":{"line":84,"column":112}},"20":{"start":{"line":87,"column":2},"end":{"line":99,"column":9}},"21":{"start":{"line":110,"column":48},"end":{"line":116,"column":4}},"22":{"start":{"line":118,"column":16},"end":{"line":118,"column":73}},"23":{"start":{"line":121,"column":16},"end":{"line":121,"column":53}},"24":{"start":{"line":122,"column":23},"end":{"line":126,"column":8}},"25":{"start":{"line":129,"column":18},"end":{"line":137,"column":4}},"26":{"start":{"line":140,"column":17},"end":{"line":197,"column":12}},"27":{"start":{"line":199,"column":2},"end":{"line":204,"column":5}},"28":{"start":{"line":211,"column":18},"end":{"line":216,"column":4}},"29":{"start":{"line":218,"column":17},"end":{"line":244,"column":12}},"30":{"start":{"line":246,"column":2},"end":{"line":250,"column":5}},"31":{"start":{"line":257,"column":2},"end":{"line":262,"column":29}}},"fnMap":{"0":{"name":"generateDocument","decl":{"start":{"line":24,"column":16},"end":{"line":24,"column":32}},"loc":{"start":{"line":26,"column":31},"end":{"line":100,"column":1}}},"1":{"name":"(anonymous_1)","decl":{"start":{"line":46,"column":9},"end":{"line":46,"column":10}},"loc":{"start":{"line":46,"column":27},"end":{"line":46,"column":58}}},"2":{"name":"(anonymous_2)","decl":{"start":{"line":51,"column":9},"end":{"line":51,"column":10}},"loc":{"start":{"line":51,"column":27},"end":{"line":51,"column":58}}},"3":{"name":"(anonymous_3)","decl":{"start":{"line":62,"column":31},"end":{"line":62,"column":32}},"loc":{"start":{"line":62,"column":51},"end":{"line":64,"column":3}}},"4":{"name":"(anonymous_4)","decl":{"start":{"line":67,"column":33},"end":{"line":67,"column":36}},"loc":{"start":{"line":67,"column":39},"end":{"line":72,"column":3}}},"5":{"name":"(anonymous_5)","decl":{"start":{"line":75,"column":31},"end":{"line":75,"column":35}},"loc":{"start":{"line":75,"column":38},"end":{"line":80,"column":3}}},"6":{"name":"generateErrorPage","decl":{"start":{"line":105,"column":16},"end":{"line":105,"column":33}},"loc":{"start":{"line":108,"column":15},"end":{"line":205,"column":1}}},"7":{"name":"generateLoadingPage","decl":{"start":{"line":210,"column":16},"end":{"line":210,"column":35}},"loc":{"start":{"line":210,"column":66},"end":{"line":251,"column":1}}},"8":{"name":"escapeHtml","decl":{"start":{"line":256,"column":9},"end":{"line":256,"column":19}},"loc":{"start":{"line":256,"column":32},"end":{"line":263,"column":1}}}},"branchMap":{"0":{"loc":{"start":{"line":26,"column":2},"end":{"line":26,"column":31}},"type":"default-arg","locations":[{"start":{"line":26,"column":29},"end":{"line":26,"column":31}}]},"1":{"loc":{"start":{"line":29,"column":4},"end":{"line":29,"column":34}},"type":"default-arg","locations":[{"start":{"line":29,"column":12},"end":{"line":29,"column":34}}]},"2":{"loc":{"start":{"line":30,"column":4},"end":{"line":30,"column":20}},"type":"default-arg","locations":[{"start":{"line":30,"column":18},"end":{"line":30,"column":20}}]},"3":{"loc":{"start":{"line":31,"column":4},"end":{"line":31,"column":15}},"type":"default-arg","locations":[{"start":{"line":31,"column":11},"end":{"line":31,"column":15}}]},"4":{"loc":{"start":{"line":32,"column":4},"end":{"line":32,"column":21}},"type":"default-arg","locations":[{"start":{"line":32,"column":14},"end":{"line":32,"column":21}}]},"5":{"loc":{"start":{"line":33,"column":4},"end":{"line":33,"column":54}},"type":"default-arg","locations":[{"start":{"line":33,"column":15},"end":{"line":33,"column":54}}]},"6":{"loc":{"start":{"line":34,"column":4},"end":{"line":34,"column":16}},"type":"default-arg","locations":[{"start":{"line":34,"column":14},"end":{"line":34,"column":16}}]},"7":{"loc":{"start":{"line":35,"column":4},"end":{"line":35,"column":15}},"type":"default-arg","locations":[{"start":{"line":35,"column":13},"end":{"line":35,"column":15}}]},"8":{"loc":{"start":{"line":36,"column":4},"end":{"line":36,"column":13}},"type":"default-arg","locations":[{"start":{"line":36,"column":11},"end":{"line":36,"column":13}}]},"9":{"loc":{"start":{"line":37,"column":4},"end":{"line":37,"column":20}},"type":"default-arg","locations":[{"start":{"line":37,"column":18},"end":{"line":37,"column":20}}]},"10":{"loc":{"start":{"line":38,"column":4},"end":{"line":38,"column":18}},"type":"default-arg","locations":[{"start":{"line":38,"column":16},"end":{"line":38,"column":18}}]},"11":{"loc":{"start":{"line":39,"column":4},"end":{"line":39,"column":18}},"type":"default-arg","locations":[{"start":{"line":39,"column":16},"end":{"line":39,"column":18}}]},"12":{"loc":{"start":{"line":40,"column":4},"end":{"line":40,"column":20}},"type":"default-arg","locations":[{"start":{"line":40,"column":18},"end":{"line":40,"column":20}}]},"13":{"loc":{"start":{"line":41,"column":4},"end":{"line":41,"column":22}},"type":"default-arg","locations":[{"start":{"line":41,"column":20},"end":{"line":41,"column":22}}]},"14":{"loc":{"start":{"line":58,"column":4},"end":{"line":58,"column":87}},"type":"cond-expr","locations":[{"start":{"line":58,"column":18},"end":{"line":5
[...]
16},"end":{"line":103,"column":34}},"loc":{"start":{"line":108,"column":8},"end":{"line":134,"column":1}}},"9":{"name":"getEnvironmentInfo","decl":{"start":{"line":139,"column":16},"end":{"line":139,"column":34}},"loc":{"start":{"line":139,"column":34},"end":{"line":148,"column":1}}},"10":{"name":"isDirectoryEmpty","decl":{"start":{"line":153,"column":22},"end":{"line":153,"column":38}},"loc":{"start":{"line":153,"column":54},"end":{"line":161,"column":1}}},"11":{"name":"ensureDirectory","decl":{"start":{"line":166,"column":22},"end":{"line":166,"column":37}},"loc":{"start":{"line":166,"column":53},"end":{"line":173,"column":1}}},"12":{"name":"writeJsonFile","decl":{"start":{"line":178,"column":22},"end":{"line":178,"column":35}},"loc":{"start":{"line":178,"column":63},"end":{"line":181,"column":1}}},"13":{"name":"readJsonFile","decl":{"start":{"line":186,"column":22},"end":{"line":186,"column":34}},"loc":{"start":{"line":186,"column":71},"end":{"line":193,"column":1}}}},"branchMap":{"0":{"loc":{"start":{"line":23,"column":30},"end":{"line":23,"column":49}},"type":"default-arg","locations":[{"start":{"line":23,"column":47},"end":{"line":23,"column":49}}]},"1":{"loc":{"start":{"line":30,"column":42},"end":{"line":30,"column":59}},"type":"default-arg","locations":[{"start":{"line":30,"column":57},"end":{"line":30,"column":59}}]},"2":{"loc":{"start":{"line":38,"column":27},"end":{"line":38,"column":66}},"type":"binary-expr","locations":[{"start":{"line":38,"column":27},"end":{"line":38,"column":61}},{"start":{"line":38,"column":65},"end":{"line":38,"column":66}}]},"3":{"loc":{"start":{"line":44,"column":2},"end":{"line":48,"column":3}},"type":"if","locations":[{"start":{"line":44,"column":2},"end":{"line":48,"column":3}},{"start":{"line":46,"column":9},"end":{"line":48,"column":3}}]},"4":{"loc":{"start":{"line":44,"column":6},"end":{"line":44,"column":38}},"type":"binary-expr","locations":[{"start":{"line":44,"column":6},"end":{"line":44,"column":21}},{"start":{"line":44,"column":25},"end":{"line":44,"column":38}}]},"5":{"loc":{"start":{"line":58,"column":50},"end":{"line":58,"column":77}},"type":"default-arg","locations":[{"start":{"line":58,"column":68},"end":{"line":58,"column":77}}]},"6":{"loc":{"start":{"line":71,"column":2},"end":{"line":71,"column":39}},"type":"default-arg","locations":[{"start":{"line":71,"column":20},"end":{"line":71,"column":39}}]},"7":{"loc":{"start":{"line":72,"column":2},"end":{"line":72,"column":26}},"type":"default-arg","locations":[{"start":{"line":72,"column":23},"end":{"line":72,"column":26}}]},"8":{"loc":{"start":{"line":78,"column":12},"end":{"line":78,"column":31}},"type":"binary-expr","locations":[{"start":{"line":78,"column":12},"end":{"line":78,"column":18}},{"start":{"line":78,"column":22},"end":{"line":78,"column":31}}]},"9":{"loc":{"start":{"line":91,"column":11},"end":{"line":91,"column":64}},"type":"binary-expr","locations":[{"start":{"line":91,"column":11},"end":{"line":91,"column":30}},{"start":{"line":91,"column":34},"end":{"line":91,"column":48}},{"start":{"line":91,"column":52},"end":{"line":91,"column":64}}]},"10":{"loc":{"start":{"line":105,"column":2},"end":{"line":108,"column":8}},"type":"default-arg","locations":[{"start":{"line":108,"column":6},"end":{"line":108,"column":8}}]},"11":{"loc":{"start":{"line":110,"column":2},"end":{"line":112,"column":3}},"type":"if","locations":[{"start":{"line":110,"column":2},"end":{"line":112,"column":3}}]},"12":{"loc":{"start":{"line":115,"column":2},"end":{"line":120,"column":3}},"type":"if","locations":[{"start":{"line":115,"column":2},"end":{"line":120,"column":3}}]},"13":{"loc":{"start":{"line":115,"column":6},"end":{"line":115,"column":52}},"type":"binary-expr","locations":[{"start":{"line":115,"column":6},"end":{"line":115,"column":21}},{"start":{"line":115,"column":25},"end":{"line":115,"column":52}}]},"14":{"loc":{"start":{"line":123,"column":2},"end":{"line":131,"column":3}},"type":"if","locations":[{"start":{"line":123,"column":2},"end":{"line":131,"column":3}}]},"15":{"loc":{"start":{"line":123,"column":6},"end":{"line":123,"column":61}},"type":"binary-expr","locations":[{"start":{"line":123,"column":6},"end":{"line":123,"column":26}},{"start":{"line":123,"column":30},"end":{"line":123,"column":61}}]},"16":{"loc":{"start":{"line":125,"column":4},"end":{"line":130,"column":5}},"type":"if","locations":[{"start":{"line":125,"column":4},"end":{"line":130,"column":5}}]},"17":{"loc":{"start":{"line":146,"column":9},"end":{"line":146,"column":46}},"type":"binary-expr","locations":[{"start":{"line":146,"column":9},"end":{"line":146,"column":29}},{"start":{"line":146,"column":33},"end":{"line":146,"column":46}}]}},"s":{"0":3,"1":3,"2":3,"3":3,"4":3,"5":3,"6":3,"7":3,"8":3,"9":3,"10":3,"11":3,"12":3,"13":3,"14":3,"15":3,"16":3,"17":3,"18":1,"19":4,"20":6,"21":5,"22":5,"23":5,"24":2,"25":3,"26":5,"27":5,"28":2,"29":2,"30":3,"31":7,"32":7,"33":3,"34":4,"35":1,"36":3,"37":1,"38":2,"39":2,"40":2,"41":1,"42":1,"43":1,"44":3,"45":3,"46":2,"47":1,"48":4,"49":4,"50":4,"51":1,"52":1,"53":2,"54":2,"55":1,"56":1},"f":{"0":3,"1":4,"2":6,"3":5,"4":2,"5":2,"6":3,"7":7,"8":4,"9":1,"10":3,"11":4,"12":1,"13":2},"b":{"0":[3],"1":[4],"2":[5,3],"3":[2,3],"4":[5,4],"5":[1],"6":[1],"7":[1],"8":[2,1],"9":[7,5,4],"10":[1],"11":[1],"12":[1],"13":[3,2],"14":[2],"15":[2,2],"16":[1],"17":[1,0]}}
,"C:\\Users\\hamro\\Documents\\work\\pfe_fiii\\baraqex\\src\\server\\wasm.ts": {"path":"C:\\Users\\hamro\\Documents\\work\\pfe_fiii\\baraqex\\src\\server\\wasm.ts","statementMap":{"0":{"start":{"line":16,"column":0},"end":{"line":16,"column":7}},"1":{"start":{"line":104,"column":0},"end":{"line":104,"column":7}},"2":{"start":{"line":223,"column":0},"end":{"line":223,"column":16}},"3":{"start":{"line":235,"column":0},"end":{"line":235,"column":16}},"4":{"start":{"line":245,"column":0},"end":{"line":245,"column":16}},"5":{"start":{"line":5,"column":0},"end":{"line":5,"column":29}},"6":{"start":{"line":6,"column":0},"end":{"line":6,"column":24}},"7":{"start":{"line":7,"column":0},"end":{"line":7,"column":36}},"8":{"start":{"line":11,"column":18},"end":{"line":11,"column":23}},"9":{"start":{"line":17,"column":2},"end":{"line":17,"column":26}},"10":{"start":{"line":17,"column":19},"end":{"line":17,"column":26}},"11":{"start":{"line":19,"column":2},"end":{"line":29,"column":3}},"12":{"start":{"line":21,"column":4},"end":{"line":21,"column":67}},"13":{"start":{"line":22,"column":4},"end":{"line":22,"column":67}},"14":{"start":{"line":25,"column":4},"end":{"line":25,"column":23}},"15":{"start":{"line":27,"column":4},"end":{"line":27,"column":82}},"16":{"start":{"line":28,"column":4},"end":{"line":28,"column":16}},"17":{"start":{"line":36,"column":2},"end":{"line":38,"column":3}},"18":{"start":{"line":37,"column":4},"end":{"line":37,"column":21}},"19":{"start":{"line":41,"column":24},"end":{"line":55,"column":19}},"20":{"start":{"line":57,"column":2},"end":{"line":92,"column":3}},"21":{"start":{"line":58,"column":4},"end":{"line":91,"column":5}},"22":{"start":{"line":59,"column":27},"end":{"line":59,"column":54}},"23":{"start":{"line":62,"column":6},"end":{"line":69,"column":7}},"24":{"start":{"line":63,"column":22},"end":{"line":63,"column":49}},"25":{"start":{"line":64,"column":8},"end":{"line":66,"column":9}},"26":{"start":{"line":65,"column":10},"end":{"line":65,"column":19}},"27":{"start":{"line":68,"column":8},"end":{"line":68,"column":17}},"28":{"start":{"line":72,"column":26},"end":{"line":72,"column":58}},"29":{"start":{"line":75,"column":6},"end":{"line":77,"column":7}},"30":{"start":{"line":76,"column":8},"end":{"line":76,"column":34}},"31":{"start":{"line":80,"column":6},"end":{"line":80,"column":32}},"32":{"start":{"line":80,"column":30},"end":{"line":80,"column":31}},"33":{"start":{"line":82,"column":6},"end":{"line":87,"column":7}},"34":{"start":{"line":83,"column":8},"end":{"line":83,"column":70}},"35":{"start":{"line":84,"column":8},"end":{"line":84,"column":25}},"36":{"start":{"line":86,"column":8},"end":{"line":86,"column":85}},"37":{"start":{"line":89,"column":6},"end":{"line":89,"column":80}},"38":{"start":{"line":90,"column":6},"end":{"line":90,"column":15}},"39":{"start":{"line":94,"column":2},"end":{"line":98,"column":4}},"40":{"start":{"line":108,"column":2},"end":{"line":217,"column":3}},"41":{"start":{"line":110,"column":4},"end":{"line":110,"column":25}},"42":{"start":{"line":112,"column":4},"end":{"line":114,"column":5}},"43":{"start":{"line":113,"column":6},"end":{"line":113,"column":66}},"44":{"start":{"line":117,"column":22},"end":{"line":117,"column":61}},"45":{"start":{"line":118,"column":15},"end":{"line":118,"column":30}},"46":{"start":{"line":121,"column":23},"end":{"line":121,"column":54}},"47":{"start":{"line":122,"column":23},"end":{"line":122,"column":60}},"48":{"start":{"line":126,"column":24},"end":{"line":126,"column":39}},"49":{"start":{"line":127,"column":30},"end":{"line":130,"column":6}},"50":{"start":{"line":132,"column":4},"end":{"line":142,"column":5}},"51":{"start":{"line":133,"column":6},"end":{"line":133,"column":86}},"52":{"start":{"line":136,"column":6},"end":{"line":141,"column":7}},"53":{"start":{"line":137,"column":8},"end":{"line":140,"column":9}},"54":{"start":{"line":138,"column":30},"end":{"line":138,"column":56}},"55":{"start":{"line":139,"column":10},"end":{"line":139,"column":77}},"56":{"start":{"line":145,"column":21},"end":{"line":145,"column":81}},"57":{"start":{"line":147,"column":4},"end":{"line":149,"column":5}},"58":{"start":{"line":148,"column":6},"end":{"line":148,"column":74}},"59":{"start":{"line":153,"column":23},"end":{"line":153,"column":39}},"60":{"start":{"line":155,"column":4},"end":{"line":157,"column":5}},"61":{"start":{"line":156,"column":6},"end":{"line":156,"column":78}},"62":{"start":{"line":161,"column":4},"end":{"line":161,"column":60}},"63":{"start":{"line":161,"column":33},"end":{"line":161,"column":58}},"64":{"start":{"line":163,"column":4},"end":{"line":165,"column":5}},"65":{"start":{"line":164,"column":6},"end":{"line":164,"column":71}},"66":{"start":{"line":168,"column":48},"end":{"line":168,"column":50}},"67":{"start":{"line":169,"column":22},"end":{"line":169,"column":35}},"68":{"start":{"line":172,"column":20},"end":{"line":172,"column":57}},"69":{"start":{"line":173,"column":19},"end":{"line":173,"column":62}},"70":{"start":{"line":173,"column":41},"end":{"line":173,"column":61}},"71":{"start":{"line":175,"column":4},"end":{"line":177,"column":5}},"72":{"start":{"line":176,"column":6},"end":{"line":176,"column":65}},"73":{"start":{"line":179,"column":4},"end":{"line":186,"column":5}},"74":{"start":{"line":180,"column":6},"end":{"line":185,"column":7}},"75":{"start":{"line":181,"column":8},"end":{"line":181,"column":40}},"76":{"start":{"line":182,"column":8},"end":{"line":184,"column":9}},"77":{"start":{"line":183,"column":10},"end":{"line":183,"column":55}},"78":{"start":{"line":188,"column":41},"end":{"line":193,"column":6}},"79":{"start":{"line":196,"column":4},"end":{"line":198,"column":5}},"80":{"start":{"line":197,"column":6},"end":{"line":197,"column":35}},"81":{"start":{"line":200,"column":4},"end":{"line":203,"column":5}},"82":{"start":{"line":201,"column":6},"end":{"line":201,"column":103}},"83":{"start":{"line":202,"column":6},"end":{"line":202,"column":73}},"84":{"start":{"line":207,"column":4},"end":{"line":211,"column":7}},"85":{"start":{"line":208,"column":6},"end":{"line":210,"column":7}},"86":{"start":{"line":209,"column":8},"end":{"line":209,"column":69}},"87":{"start":{"line":213,"column":4},"end":{"line":213,"column":24}},"88":{"start":{"line":215,"column":4},"end":{"line":215,"column":66}},"89":{"start":{"line":216,"column":4},"end":{"line":216,"column":16}},"90":{"start":{"line":224,"column":16},"end":{"line":224,"column":40}},"91":{"start":{"line":225,"column":2},"end":{"line":227,"column":3}},"92":{"start":{"line":226,"column":4},"end":{"line":226,"column":92}},"93":{"start":{"line":229,"column":2},"end":{"line":229,"column":23}},"94":{"start":{"line":236,"column":20},"end":{"line":236,"column":33}},"95":{"start":{"line":237,"column":2},"end":{"line":239,"column":4}},"96":{"start":{"line":238,"column":4},"end":{"line":238,"column":64}},"97":{"start":{"line":246,"column":20},"end":{"line":246,"column":33}},"98":{"start":{"line":247,"column":2},"end":{"line":249,"column":4}},"99":{"start":{"line":248,"column":4},"end":{"line":248,"column":64}}},"fnMap":{"0":{"name":"initNodeWasm","decl":{"start":{"line":16,"column":22},"end":{"line":16,"column":34}},"loc":{"start":{"line":16,"column":34},"end":{"line":30,"column":1}}},"1":{"name":"loadGoRuntime","decl":{"start":{"line":35,"column":15},"end":{"line":35,"column":28}},"loc":{"start":{"line":35,"column":48},"end":{"line":99,"column":1}}},"2":{"name":"(anonymous_12)","decl":{"start":{"line":80,"column":30},"end":{"line":80,"column":31}},"loc":{"start":{"line":80,"column":30},"end":{"line":80,"column":31}}},"3":{"name":"loadGoWasmFromFile","decl":{"start":{"line":104,"column":22},"end":{"line":104,"column":40}},"loc":{"start":{"line":106,"column":29},"end":{"line":218,"column":1}}},"4":{"name":"(anonymous_14)","decl":{"start":{"line":161,"column":22},"end":{"line":161,"column":29}},"loc":{"start":{"line":161,"column":33},"end":{"line":161,"column":58}}},"5":{"name":"(anonymous_15)","decl":{"start":{"line":173,"column":34},"end":{"line":173,"column":37}},"loc":{"start":{"line":173,"column":41},"end":{"line":173,"column":61}}},"6":{"name":"(anonymous_16)","decl":{"start":{"line":207,"column":21},"end":{"line":207,"column":22}},"loc":{"start":{"line":207,"column":34},"end":{"line":211,"column":5}}},"7":{"name":"callWasmFunction","decl":{"start":{"line":223,"column":16},"end":{"line":223,"column":32}},"loc":{"start":{"line":223,"column":65},"end":{"line":230,"column":1}}},"8":{"name":"isWasmReady","decl":{"start":{"line":235,"column":16},"end":{"line":235,"column":27}},"loc":{"start":{"line":235,"column":27},"end":{"line":240,"column":1}}},"9":{"name":"(anonymous_19)","decl":{"start":{"line":237,"column":37},"end":{"line":237,"column":40}},"loc":{"start":{"line":238,"column":4},"end":{"line":238,"column":64}}},"10":{"name":"getWasmFunctions","decl":{"start":{"line":245,"column":16},"end":{"line":245,"column":32}},"loc":{"start":{"line":245,"column":32},"end":{"line":250,"column":1}}},"11":{"name":"(anonymous_21)","decl":{"start":{"line":247,"column":39},"end":{"line":247,"column":42}},"loc":{"start":{"line":248,"column":4},"end":{"line":248,"column":64}}}},"branchMap":{"0":{"loc":{"start":{"line":17,"column":2},"end":{"line":17,"column":26}},"type":"if","locations":[{"start":{"line":17,"column":2},"end":{"line":17,"column":26}}]},"1":{"loc":{"start":{"line":21,"column":29},"end":{"line":21,"column":66}},"type":"binary-expr","locations":[{"start":{"line":21,"column":29},"end":{"line":21,"column":51}},{"start":{"line":21,"column":55},"end":{"line":21,"column":66}}]},"2":{"loc":{"start":{"line":22,"column":29},"end":{"line":22,"column":66}},"type":"binary-expr","locations":[{"start":{"line":22,"column":29},"end":{"line":22,"column":51}},{"start":{"line":22,"column":55},"end":{"line":22,"column":66}}]},"3":{"loc":{"start":{"line":36,"column":2},"end":{"line":38,"column":3}},"type":"if","locations":[{"start":{"line":36,"column":2},"end":{"line":38,"column":3}}]},"4":{"loc":{"start":{"line":64,"column":8},"end":{"line":66,"column":9}},"type":"if","locations":[{"start":{"line":64,"column":8},"end":{"line":66,"column":9}}]},"5":{"loc":{"start":{"line":75,"column":6},"end":{"line":77,"column":7}},"type":"if","locations":[{"start":{"line":75,"column":6},"end":{"line":77,"column":7}}]},"6":{"loc":{"start":{"line":82,"column":6},"end":{"line":87,"column":7}},"type":"if","locations":[{"start":{"line":82,"column":6},"end":{"line":87,"column":7}},{"start":{"line":85,"column":13},"end":{"line":87,"column":7}}]},"7":{"loc":{"start":{"line":106,"column":2},"end":{"line":106,"column":29}},"type":"default-arg","locations":[{"start":{"line":106,"column":27},"end":{"line":106,"column":29}}]},"8":{"loc":{"start":{"line":112,"column":4},"end":{"line":114,"column":5}},"type":"if","locations":[{"start":{"line":112,"column":4},"end":{"line":114,"column":5}}]},"9":{"loc":{"start":{"line":132,"column":4},"end":{"line":142,"column":5}},"type":"if","locations":[{"start":{"line":132,"column":4},"end":{"line":142,"column":5}}]},"10":{"loc":{"start":{"line":137,"column":8},"end":{"line":140,"column":9}},"type":"if","locations":[{"start":{"line":137,"column":8},"end":{"line":140,"column":9}}]},"11":{"loc":{"start":{"line":137,"column":12},"end":{"line":137,"column":71}},"type":"binary-expr","locations":[{"start":{"line":137,"column":12},"end":{"line":137,"column":45}},{"start":{"line":137,"column":49},"end":{"line":137,"column":71}}]},"12":{"loc":{"start":{"line":147,"column":4},"end":{"line":149,"column":5}},"type":"if","locations":[{"start":{"line":147,"column":4},"end":{"line":149,"column":5}}]},"13":{"loc":{"start":{"line":155,"column":4},"end":{"line":157,"column":5}},"type":"if","locations":[{"start":{"line":155,"column":4},"end":{"line":157,"column":5}}]},"14":{"loc":{"start":{"line":163,"column":4},"end":{"line":165,"column":5}},"type":"if","locations":[{"start":{"line":163,"column":4},"end":{"line":165,"column":5}}]},"15":{"loc":{"start":{"line":175,"column":4},"end":{"line":177,"column":5}},"type":"if","locations":[{"start":{"line":175,"column":4},"end":{"line":177,"column":5}}]},"16":{"loc":{"start":{"line":180,"column":6},"end":{"line":185,"column":7}},"type":"if","locations":[{"start":{"line":180,"column":6},"end":{"line":185,"column":7}}]},"17":{"loc":{"start":{"line":182,"column":8},"end":{"line":184,"column":9}},"type":"if","locations":[{"start":{"line":182,"column":8},"end":{"line":184,"column":9}}]},"18":{"loc":{"start":{"line":196,"column":4},"end":{"line":198,"column":5}},"type":"if","locations":[{"start":{"line":196,"column":4},"end":{"line":198,"column":5}}]},"19":{"loc":{"start":{"line":200,"column":4},"end":{"line":203,"column":5}},"type":"if","locations":[{"start":{"line":200,"column":4},"end":{"line":203,"column":5}}]},"20":{"loc":{"start":{"line":208,"column":6},"end":{"line":210,"column":7}},"type":"if","locations":[{"start":{"line":208,"column":6},"end":{"line":210,"column":7}}]},"21":{"loc":{"start":{"line":225,"column":2},"end":{"line":227,"column":3}},"type":"if","locations":[{"start":{"line":225,"column":2},"end":{"line":227,"column":3}}]},"22":{"loc":{"start":{"line":238,"column":4},"end":{"line":238,"column":64}},"type":"binary-expr","locations":[{"start":{"line":238,"column":4},"end":{"line":238,"column":24}},{"start":{"line":238,"column":28},"end":{"line":238,"column":64}}]},"23":{"loc":{"start":{"line":248,"column":4},"end":{"line":248,"column":64}},"type":"binary-expr","locations":[{"start":{"line":248,"column":4},"end":{"line":248,"column":24}},{"start":{"line":248,"column":28},"end":{"line":248,"column":64}}]}},"s":{"0":4,"1":4,"2":4,"3":4,"4":4,"5":4,"6":4,"7":4,"8":4,"9":12,"10":10,"11":2,"12":2,"13":2,"14":2,"15":0,"16":0,"17":8,"18":8,"19":0,"20":0,"21":0,"22":0,"23":0,"24":0,"25":0,"26":0,"27":0,"28":0,"29":0,"30":0,"31":0,"32":0,"33":0,"34":0,"35":0,"36":0,"37":0,"38":0,"39":0,"40":8,"41":8,"42":8,"43":1,"44":8,"45":8,"46":8,"47":6,"48":5,"49":5,"50":5,"51":1,"52":1,"53":0,"54":0,"55":0,"56":5,"57":5,"58":1,"59":5,"60":5,"61":1,"62":5,"63":5,"64":5,"65":1,"66":5,"67":5,"68":5,"69":5,"70":725,"71":5,"72":1,"73":5,"74":0,"75":0,"76":0,"77":0,"78":5,"79":5,"80":1,"81":5,"82":1,"83":1,"84":5,"85":0,"86":0,"87":5,"88":3,"89":3,"90":0,"91":0,"92":0,"93":0,"94":0,"95":0,"96":0,"97":0,"98":0,"99":0},"f":{"0":12,"1":8,"2":0,"3":8,"4":5,"5":725,"6":0,"7":0,"8":0,"9":0,"10":0,"11":0},"b":{"0":[10],"1":[2,0],"2":[2,0],"3":[8],"4":[0],"5":[0],"6":[0,0],"7":[5],"8":[1],"9":[1],"10":[0],"11":[0,0],"12":[1],"13":[1],"14":[1],"15":[1],"16":[0],"17":[0],"18":[1],"19":[1],"20":[0],"21":[0],"22":[0,0],"23":[0,0]}}
}
