TN:
SF:src\browser.ts
FN:14,(anonymous_0)
FN:22,(anonymous_1)
FN:31,(anonymous_2)
FN:35,(anonymous_3)
FN:38,(anonymous_4)
FN:41,(anonymous_5)
FN:45,(anonymous_6)
FN:58,(anonymous_7)
FN:62,(anonymous_8)
FN:66,(anonymous_9)
FNF:10
FNH:0
FNDA:0,(anonymous_0)
FNDA:0,(anonymous_1)
FNDA:0,(anonymous_2)
FNDA:0,(anonymous_3)
FNDA:0,(anonymous_4)
FNDA:0,(anonymous_5)
FNDA:0,(anonymous_6)
FNDA:0,(anonymous_7)
FNDA:0,(anonymous_8)
FNDA:0,(anonymous_9)
DA:14,0
DA:15,0
DA:16,0
DA:18,0
DA:22,0
DA:23,0
DA:24,0
DA:25,0
DA:27,0
DA:28,0
DA:31,0
DA:35,0
DA:36,0
DA:38,0
DA:39,0
DA:41,0
DA:42,0
DA:45,0
DA:46,0
DA:47,0
DA:48,0
DA:49,0
DA:51,0
DA:53,0
DA:58,0
DA:59,0
DA:62,0
DA:63,0
DA:66,0
DA:67,0
DA:71,0
DA:72,0
DA:73,0
DA:74,0
DA:75,0
DA:76,0
DA:77,0
DA:78,0
DA:79,0
DA:80,0
DA:81,0
DA:82,0
DA:83,0
DA:84,0
DA:85,0
DA:86,0
DA:87,0
DA:88,0
DA:89,0
DA:90,0
DA:91,0
DA:92,0
DA:93,0
DA:95,0
LF:54
LH:0
BRDA:22,0,0,0
BRDA:24,1,0,0
BRDA:24,1,1,0
BRDA:24,2,0,0
BRDA:24,2,1,0
BRDA:35,3,0,0
BRDA:36,4,0,0
BRDA:36,4,1,0
BRDA:41,5,0,0
BRDA:47,6,0,0
BRDA:49,7,0,0
BRDA:49,7,1,0
BRDA:49,8,0,0
BRDA:49,8,1,0
BRDA:51,9,0,0
BRDA:51,9,1,0
BRF:16
BRH:0
end_of_record
TN:
SF:src\renderComponent.ts
FN:5,renderComponent
FNF:1
FNH:0
FNDA:0,renderComponent
DA:9,0
DA:11,0
DA:13,0
DA:14,0
DA:16,0
DA:17,0
DA:18,0
DA:20,0
DA:21,0
DA:23,0
DA:26,0
DA:29,0
DA:34,0
DA:35,0
LF:14
LH:0
BRDA:7,0,0,0
BRDA:13,1,0,0
BRDA:13,1,1,0
BRDA:16,2,0,0
BRDA:16,2,1,0
BRDA:18,3,0,0
BRDA:18,3,1,0
BRDA:18,4,0,0
BRDA:18,4,1,0
BRDA:21,5,0,0
BRDA:21,5,1,0
BRDA:21,6,0,0
BRDA:21,6,1,0
BRDA:23,7,0,0
BRDA:23,7,1,0
BRDA:26,8,0,0
BRDA:26,8,1,0
BRDA:38,9,0,0
BRDA:38,9,1,0
BRF:19
BRH:0
end_of_record
TN:
SF:src\server-renderer.ts
FN:5,renderToString
FNF:1
FNH:0
FNDA:0,renderToString
DA:6,0
DA:8,0
DA:9,0
DA:10,0
DA:11,0
DA:13,0
DA:14,0
DA:16,0
DA:19,0
DA:20,0
DA:23,0
DA:25,0
DA:26,0
LF:13
LH:0
BRDA:8,0,0,0
BRDA:10,1,0,0
BRDA:13,2,0,0
BRDA:13,3,0,0
BRDA:13,3,1,0
BRDA:16,4,0,0
BRDA:16,4,1,0
BRDA:19,5,0,0
BRDA:23,6,0,0
BRDA:23,6,1,0
BRF:10
BRH:0
end_of_record
TN:
SF:src\wasm.ts
FN:23,loadGoWasm
FN:58,(anonymous_1)
FN:103,callWasmFunction
FN:119,isWasmReady
FN:125,(anonymous_4)
FN:133,getWasmFunctions
FN:138,(anonymous_6)
FN:146,useGoWasm
FN:154,(anonymous_8)
FNF:9
FNH:0
FNDA:0,loadGoWasm
FNDA:0,(anonymous_1)
FNDA:0,callWasmFunction
FNDA:0,isWasmReady
FNDA:0,(anonymous_4)
FNDA:0,getWasmFunctions
FNDA:0,(anonymous_6)
FNDA:0,useGoWasm
FNDA:0,(anonymous_8)
DA:27,0
DA:28,0
DA:31,0
DA:33,0
DA:34,0
DA:37,0
DA:38,0
DA:42,0
DA:44,0
DA:45,0
DA:48,0
DA:51,0
DA:52,0
DA:55,0
DA:58,0
DA:60,0
DA:61,0
DA:65,0
DA:68,0
DA:69,0
DA:70,0
DA:71,0
DA:72,0
DA:77,0
DA:84,0
DA:85,0
DA:88,0
DA:89,0
DA:92,0
DA:95,0
DA:96,0
DA:104,0
DA:105,0
DA:108,0
DA:109,0
DA:110,0
DA:113,0
DA:120,0
DA:121,0
DA:125,0
DA:126,0
DA:134,0
DA:135,0
DA:138,0
DA:139,0
DA:147,0
DA:148,0
DA:153,0
DA:154,0
LF:49
LH:0
BRDA:25,0,0,0
BRDA:27,1,0,0
BRDA:33,2,0,0
BRDA:37,3,0,0
BRDA:44,4,0,0
BRDA:60,5,0,0
BRDA:69,6,0,0
BRDA:69,7,0,0
BRDA:69,7,1,0
BRDA:71,8,0,0
BRDA:84,9,0,0
BRDA:88,10,0,0
BRDA:104,11,0,0
BRDA:109,12,0,0
BRDA:120,13,0,0
BRDA:125,14,0,0
BRDA:125,14,1,0
BRDA:126,15,0,0
BRDA:126,15,1,0
BRDA:134,16,0,0
BRDA:139,17,0,0
BRDA:139,17,1,0
BRDA:146,18,0,0
BRDA:147,19,0,0
BRF:24
BRH:0
end_of_record
TN:
SF:src\server\api-router.ts
FN:28,(anonymous_10)
FN:34,(anonymous_11)
FN:38,(anonymous_12)
FN:52,(anonymous_13)
FN:56,(anonymous_14)
FN:65,(anonymous_15)
FN:82,(anonymous_16)
FN:88,(anonymous_17)
FN:105,(anonymous_18)
FN:117,(anonymous_19)
FN:147,(anonymous_20)
FN:152,(anonymous_21)
FN:155,(anonymous_22)
FN:156,(anonymous_23)
FNF:14
FNH:5
FNDA:4,(anonymous_10)
FNDA:4,(anonymous_11)
FNDA:4,(anonymous_12)
FNDA:4,(anonymous_13)
FNDA:4,(anonymous_14)
FNDA:0,(anonymous_15)
FNDA:0,(anonymous_16)
FNDA:0,(anonymous_17)
FNDA:0,(anonymous_18)
FNDA:0,(anonymous_19)
FNDA:0,(anonymous_20)
FNDA:0,(anonymous_21)
FNDA:0,(anonymous_22)
FNDA:0,(anonymous_23)
DA:1,1
DA:2,1
DA:4,1
DA:22,1
DA:23,4
DA:26,4
DA:29,4
DA:30,4
DA:35,4
DA:37,4
DA:38,8
DA:39,4
DA:40,4
DA:41,4
DA:42,4
DA:44,0
DA:45,0
DA:46,0
DA:48,0
DA:53,4
DA:57,4
DA:58,4
DA:59,4
DA:62,0
DA:66,0
DA:68,0
DA:69,0
DA:71,0
DA:73,0
DA:74,0
DA:76,0
DA:77,0
DA:83,0
DA:90,0
DA:92,0
DA:93,0
DA:97,0
DA:98,0
DA:99,0
DA:102,0
DA:106,0
DA:108,0
DA:111,0
DA:114,0
DA:117,0
DA:119,0
DA:120,0
DA:121,0
DA:124,0
DA:127,0
DA:130,0
DA:131,0
DA:132,0
DA:133,0
DA:134,0
DA:143,0
DA:148,0
DA:151,0
DA:152,0
DA:156,0
DA:157,0
DA:158,0
DA:160,0
LF:63
LH:19
BRDA:28,0,0,0
BRDA:35,1,0,0
BRDA:35,2,0,4
BRDA:35,2,1,0
BRDA:45,3,0,0
BRDA:53,4,0,4
BRDA:53,4,1,4
BRDA:57,5,0,4
BRDA:71,6,0,0
BRDA:71,6,1,0
BRDA:74,7,0,0
BRDA:83,8,0,0
BRDA:83,8,1,0
BRDA:83,8,2,0
BRDA:92,9,0,0
BRDA:93,10,0,0
BRDA:93,10,1,0
BRDA:98,11,0,0
BRDA:108,12,0,0
BRDA:108,12,1,0
BRDA:119,13,0,0
BRDA:127,14,0,0
BRDA:127,14,1,0
BRDA:132,15,0,0
BRDA:148,16,0,0
BRF:25
BRH:4
end_of_record
TN:
SF:src\server\auth.ts
FN:20,(anonymous_9)
FN:27,(anonymous_10)
FN:29,(anonymous_11)
FN:39,(anonymous_12)
FN:41,(anonymous_13)
FN:51,(anonymous_14)
FN:73,(anonymous_15)
FN:86,(anonymous_16)
FN:87,(anonymous_17)
FN:100,(anonymous_18)
FN:101,(anonymous_19)
FN:110,(anonymous_20)
FN:111,(anonymous_21)
FN:117,(anonymous_22)
FN:127,(anonymous_23)
FNF:15
FNH:15
FNDA:16,(anonymous_9)
FNDA:2,(anonymous_10)
FNDA:2,(anonymous_11)
FNDA:2,(anonymous_12)
FNDA:2,(anonymous_13)
FNDA:4,(anonymous_14)
FNDA:4,(anonymous_15)
FNDA:3,(anonymous_16)
FNDA:3,(anonymous_17)
FNDA:2,(anonymous_18)
FNDA:2,(anonymous_19)
FNDA:4,(anonymous_20)
FNDA:4,(anonymous_21)
FNDA:3,(anonymous_22)
FNDA:3,(anonymous_23)
DA:17,2
DA:21,16
DA:28,2
DA:29,4
DA:30,2
DA:32,0
DA:33,0
DA:35,0
DA:40,2
DA:41,4
DA:42,2
DA:44,0
DA:45,0
DA:47,0
DA:52,4
DA:53,4
DA:54,4
DA:56,4
DA:57,4
DA:60,4
DA:66,0
DA:67,0
DA:69,0
DA:74,4
DA:75,4
DA:76,4
DA:78,2
DA:79,0
DA:81,2
DA:87,3
DA:88,3
DA:89,3
DA:90,2
DA:91,2
DA:92,1
DA:95,3
DA:101,2
DA:102,2
DA:103,1
DA:105,1
DA:111,4
DA:112,4
DA:113,1
DA:116,3
DA:117,3
DA:119,3
DA:120,2
DA:123,1
DA:128,3
DA:129,2
DA:131,1
LF:51
LH:41
BRDA:32,0,0,0
BRDA:44,1,0,0
BRDA:56,2,0,4
BRDA:61,3,0,4
BRDA:61,3,1,0
BRDA:66,4,0,0
BRDA:78,5,0,0
BRDA:89,6,0,2
BRDA:91,7,0,1
BRDA:102,8,0,1
BRDA:112,9,0,1
BRDA:116,10,0,3
BRDA:116,10,1,1
BRDA:119,11,0,2
BRDA:128,12,0,2
BRDA:128,13,0,3
BRDA:128,13,1,2
BRF:17
BRH:12
end_of_record
TN:
SF:src\server\database.ts
FN:13,(anonymous_9)
FN:17,(anonymous_10)
FN:33,(anonymous_11)
FN:35,(anonymous_12)
FN:49,(anonymous_13)
FN:51,(anonymous_14)
FN:65,(anonymous_15)
FN:67,(anonymous_16)
FN:82,(anonymous_17)
FN:101,(anonymous_18)
FN:105,(anonymous_19)
FN:109,(anonymous_20)
FN:114,(anonymous_21)
FNF:13
FNH:0
FNDA:0,(anonymous_9)
FNDA:0,(anonymous_10)
FNDA:0,(anonymous_11)
FNDA:0,(anonymous_12)
FNDA:0,(anonymous_13)
FNDA:0,(anonymous_14)
FNDA:0,(anonymous_15)
FNDA:0,(anonymous_16)
FNDA:0,(anonymous_17)
FNDA:0,(anonymous_18)
FNDA:0,(anonymous_19)
FNDA:0,(anonymous_20)
FNDA:0,(anonymous_21)
DA:6,1
DA:8,0
DA:9,0
DA:10,0
DA:11,0
DA:14,0
DA:18,0
DA:20,0
DA:21,0
DA:23,0
DA:24,0
DA:26,0
DA:27,0
DA:29,0
DA:34,0
DA:35,0
DA:36,0
DA:37,0
DA:38,0
DA:39,0
DA:41,0
DA:42,0
DA:44,0
DA:45,0
DA:50,0
DA:51,0
DA:52,0
DA:54,0
DA:55,0
DA:57,0
DA:58,0
DA:60,0
DA:61,0
DA:66,0
DA:67,0
DA:68,0
DA:70,0
DA:71,0
DA:72,0
DA:74,0
DA:75,0
DA:77,0
DA:78,0
DA:83,0
DA:84,0
DA:85,0
DA:86,0
DA:89,0
DA:90,0
DA:91,0
DA:94,0
DA:95,0
DA:96,0
DA:102,0
DA:106,0
DA:110,0
DA:115,0
DA:117,0
DA:119,0
DA:120,0
DA:121,0
DA:123,0
DA:124,0
DA:125,0
DA:127,0
LF:65
LH:1
BRDA:18,0,0,0
BRDA:18,0,1,0
BRDA:18,0,2,0
BRDA:18,0,3,0
BRDA:41,1,0,0
BRDA:57,2,0,0
BRDA:74,3,0,0
BRDA:83,4,0,0
BRDA:89,5,0,0
BRDA:94,6,0,0
BRDA:115,7,0,0
BRDA:115,7,1,0
BRDA:115,7,2,0
BRDA:115,7,3,0
BRDA:119,8,0,0
BRDA:120,9,0,0
BRDA:120,9,1,0
BRDA:123,10,0,0
BRDA:124,11,0,0
BRDA:124,11,1,0
BRF:20
BRH:0
end_of_record
TN:
SF:src\server\middleware.ts
FN:8,(anonymous_0)
FN:13,(anonymous_1)
FN:28,(anonymous_2)
FN:37,rateLimit
FN:40,(anonymous_4)
FN:46,(anonymous_5)
FNF:6
FNH:6
FNDA:4,(anonymous_0)
FNDA:3,(anonymous_1)
FNDA:2,(anonymous_2)
FNDA:9,rateLimit
FNDA:1114,(anonymous_4)
FNDA:1473,(anonymous_5)
DA:8,4
DA:9,4
DA:10,4
DA:13,4
DA:19,3
DA:20,3
DA:28,4
DA:29,2
DA:37,4
DA:38,9
DA:40,9
DA:41,1114
DA:42,1114
DA:45,1114
DA:46,1473
DA:49,1114
DA:50,1114
DA:53,1114
DA:54,2
DA:62,1112
LF:20
LH:20
BRDA:23,0,0,2
BRDA:23,0,1,1
BRDA:41,1,0,1114
BRDA:41,1,1,1
BRDA:41,1,2,0
BRDA:45,2,0,1114
BRDA:45,2,1,364
BRDA:53,3,0,2
BRF:8
BRH:7
end_of_record
TN:
SF:src\server\templates.ts
FN:24,generateDocument
FN:46,(anonymous_1)
FN:51,(anonymous_2)
FN:62,(anonymous_3)
FN:67,(anonymous_4)
FN:75,(anonymous_5)
FN:105,generateErrorPage
FN:210,generateLoadingPage
FN:256,escapeHtml
FNF:9
FNH:7
FNDA:11,generateDocument
FNDA:1,(anonymous_1)
FNDA:0,(anonymous_2)
FNDA:0,(anonymous_3)
FNDA:1,(anonymous_4)
FNDA:8,(anonymous_5)
FNDA:4,generateErrorPage
FNDA:3,generateLoadingPage
FNDA:32,escapeHtml
DA:24,3
DA:42,11
DA:45,11
DA:46,1
DA:50,11
DA:51,0
DA:55,11
DA:62,11
DA:63,0
DA:67,11
DA:68,1
DA:69,0
DA:71,1
DA:75,11
DA:76,8
DA:77,7
DA:79,1
DA:83,11
DA:87,11
DA:105,3
DA:110,4
DA:118,4
DA:121,4
DA:122,4
DA:129,4
DA:140,4
DA:199,4
DA:210,3
DA:211,3
DA:218,3
DA:246,3
DA:257,32
LF:32
LH:29
BRDA:26,0,0,1
BRDA:29,1,0,2
BRDA:30,2,0,6
BRDA:31,3,0,10
BRDA:32,4,0,11
BRDA:33,5,0,11
BRDA:34,6,0,10
BRDA:35,7,0,3
BRDA:36,8,0,11
BRDA:37,9,0,3
BRDA:38,10,0,10
BRDA:39,11,0,11
BRDA:40,12,0,10
BRDA:41,13,0,11
BRDA:58,14,0,5
BRDA:58,14,1,6
BRDA:68,15,0,0
BRDA:71,16,0,1
BRDA:71,16,1,0
BRDA:76,17,0,7
BRDA:83,18,0,1
BRDA:83,18,1,10
BRDA:95,19,0,0
BRDA:95,19,1,11
BRDA:118,20,0,4
BRDA:118,20,1,0
BRDA:122,21,0,1
BRDA:122,21,1,3
BRDA:122,22,0,4
BRDA:122,22,1,3
BRDA:124,23,0,1
BRDA:124,23,1,0
BRDA:132,24,0,4
BRDA:132,24,1,0
BRDA:201,25,0,4
BRDA:201,25,1,0
BRDA:210,26,0,1
BRF:37
BRH:30
end_of_record
TN:
SF:src\server\utils.ts
FN:12,safeJsonParse
FN:23,generateToken
FN:30,hashString
FN:37,getPagination
FN:58,sendSuccess
FN:69,sendError
FN:85,validateFields
FN:89,(anonymous_8)
FN:103,validateFileUpload
FN:139,getEnvironmentInfo
FN:153,isDirectoryEmpty
FN:166,ensureDirectory
FN:178,writeJsonFile
FN:186,readJsonFile
FNF:14
FNH:14
FNDA:3,safeJsonParse
FNDA:4,generateToken
FNDA:6,hashString
FNDA:5,getPagination
FNDA:2,sendSuccess
FNDA:2,sendError
FNDA:3,validateFields
FNDA:7,(anonymous_8)
FNDA:4,validateFileUpload
FNDA:1,getEnvironmentInfo
FNDA:3,isDirectoryEmpty
FNDA:4,ensureDirectory
FNDA:1,writeJsonFile
FNDA:2,readJsonFile
DA:1,3
DA:2,3
DA:3,3
DA:12,3
DA:13,3
DA:14,3
DA:16,1
DA:23,3
DA:24,4
DA:30,3
DA:31,6
DA:37,3
DA:38,5
DA:39,5
DA:44,5
DA:45,2
DA:47,3
DA:50,5
DA:52,5
DA:58,3
DA:59,2
DA:69,3
DA:75,2
DA:85,3
DA:89,3
DA:90,7
DA:91,7
DA:94,3
DA:103,3
DA:110,4
DA:111,1
DA:115,3
DA:116,1
DA:123,2
DA:124,2
DA:125,2
DA:126,1
DA:133,1
DA:139,3
DA:140,1
DA:153,3
DA:154,3
DA:155,3
DA:156,2
DA:159,1
DA:166,3
DA:167,4
DA:168,4
DA:171,4
DA:178,3
DA:179,1
DA:180,1
DA:186,3
DA:187,2
DA:188,2
DA:189,1
DA:191,1
LF:57
LH:57
BRDA:23,0,0,3
BRDA:30,1,0,4
BRDA:38,2,0,5
BRDA:38,2,1,3
BRDA:44,3,0,2
BRDA:44,3,1,3
BRDA:44,4,0,5
BRDA:44,4,1,4
BRDA:58,5,0,1
BRDA:71,6,0,1
BRDA:72,7,0,1
BRDA:78,8,0,2
BRDA:78,8,1,1
BRDA:91,9,0,7
BRDA:91,9,1,5
BRDA:91,9,2,4
BRDA:105,10,0,1
BRDA:110,11,0,1
BRDA:115,12,0,1
BRDA:115,13,0,3
BRDA:115,13,1,2
BRDA:123,14,0,2
BRDA:123,15,0,2
BRDA:123,15,1,2
BRDA:125,16,0,1
BRDA:146,17,0,1
BRDA:146,17,1,0
BRF:27
BRH:26
end_of_record
TN:
SF:src\server\wasm.ts
FN:16,initNodeWasm
FN:35,loadGoRuntime
FN:80,(anonymous_12)
FN:104,loadGoWasmFromFile
FN:161,(anonymous_14)
FN:173,(anonymous_15)
FN:207,(anonymous_16)
FN:223,callWasmFunction
FN:235,isWasmReady
FN:237,(anonymous_19)
FN:245,getWasmFunctions
FN:247,(anonymous_21)
FNF:12
FNH:5
FNDA:12,initNodeWasm
FNDA:8,loadGoRuntime
FNDA:0,(anonymous_12)
FNDA:8,loadGoWasmFromFile
FNDA:5,(anonymous_14)
FNDA:730,(anonymous_15)
FNDA:0,(anonymous_16)
FNDA:0,callWasmFunction
FNDA:0,isWasmReady
FNDA:0,(anonymous_19)
FNDA:0,getWasmFunctions
FNDA:0,(anonymous_21)
DA:5,4
DA:6,4
DA:7,4
DA:11,4
DA:16,4
DA:17,12
DA:19,2
DA:21,2
DA:22,2
DA:25,2
DA:27,0
DA:28,0
DA:36,8
DA:37,8
DA:41,0
DA:57,0
DA:58,0
DA:59,0
DA:62,0
DA:63,0
DA:64,0
DA:65,0
DA:68,0
DA:72,0
DA:75,0
DA:76,0
DA:80,0
DA:82,0
DA:83,0
DA:84,0
DA:86,0
DA:89,0
DA:90,0
DA:94,0
DA:104,4
DA:108,8
DA:110,8
DA:112,8
DA:113,1
DA:117,8
DA:118,8
DA:121,8
DA:122,6
DA:126,5
DA:127,5
DA:132,5
DA:133,1
DA:136,1
DA:137,0
DA:138,0
DA:139,0
DA:145,5
DA:147,5
DA:148,1
DA:153,5
DA:155,5
DA:156,1
DA:161,5
DA:163,5
DA:164,1
DA:168,5
DA:169,5
DA:172,5
DA:173,730
DA:175,5
DA:176,1
DA:179,5
DA:180,0
DA:181,0
DA:182,0
DA:183,0
DA:188,5
DA:196,5
DA:197,1
DA:200,5
DA:201,1
DA:202,1
DA:207,5
DA:208,0
DA:209,0
DA:213,5
DA:215,3
DA:216,3
DA:223,4
DA:224,0
DA:225,0
DA:226,0
DA:229,0
DA:235,4
DA:236,0
DA:237,0
DA:238,0
DA:245,4
DA:246,0
DA:247,0
DA:248,0
LF:96
LH:55
BRDA:17,0,0,10
BRDA:21,1,0,2
BRDA:21,1,1,0
BRDA:22,2,0,2
BRDA:22,2,1,0
BRDA:36,3,0,8
BRDA:64,4,0,0
BRDA:75,5,0,0
BRDA:82,6,0,0
BRDA:82,6,1,0
BRDA:106,7,0,5
BRDA:112,8,0,1
BRDA:132,9,0,1
BRDA:137,10,0,0
BRDA:137,11,0,0
BRDA:137,11,1,0
BRDA:147,12,0,1
BRDA:155,13,0,1
BRDA:163,14,0,1
BRDA:175,15,0,1
BRDA:180,16,0,0
BRDA:182,17,0,0
BRDA:196,18,0,1
BRDA:200,19,0,1
BRDA:208,20,0,0
BRDA:225,21,0,0
BRDA:238,22,0,0
BRDA:238,22,1,0
BRDA:248,23,0,0
BRDA:248,23,1,0
BRF:30
BRH:13
end_of_record
